[    3169ms] [WARNING] Caught a recoverable error. The site is still functional, but might have some UI flickering or degraded page load performance. If you are the author of this website, update external components and check recently added custom code or code overrides to fix the following server/client mismatches:
 Error: Minified React error #425; visit https://reactjs.org/docs/error-decoder.html?invariant=425 for the full message or use the non-minified dev environment for full errors and additional helpful warnings.
    at Ii (https://uxhi.hisony.com/conferences/2025/assets/js/framer/react.Cnft6114.mjs:6:68)
    at us (https://uxhi.hisony.com/conferences/2025/assets/js/framer/react.Cnft6114.mjs:8:16812)
    at ec (https://uxhi.hisony.com/conferences/2025/assets/js/framer/react.Cnft6114.mjs:8:37372)
    at $s (https://uxhi.hisony.com/conferences/2025/assets/js/framer/react.Cnft6114.mjs:8:37134)
    at Qs (https://uxhi.hisony.com/conferences/2025/assets/js/framer/react.Cnft6114.mjs:8:37046)
    at Ls (https://uxhi.hisony.com/conferences/2025/assets/js/framer/react.Cnft6114.mjs:8:32130)
    at wt (https://uxhi.hisony.com/conferences/2025/assets/js/framer/react.Cnft6114.mjs:1:10651)
    at MessagePort.Et (https://uxhi.hisony.com/conferences/2025/assets/js/framer/react.Cnft6114.mjs:1:11006) 
    at h1
    at div
    at a (https://uxhi.hisony.com/conferences/2025/assets/js/framer/motion.C0ocKdZI.mjs:9:7886)
    at https://uxhi.hisony.com/conferences/2025/assets/js/framer/framer.Dlol2ZGn.mjs:1038:40418
    at https://uxhi.hisony.com/conferences/2025/assets/js/framer/framer.Dlol2ZGn.mjs:1038:42455
    at https://uxhi.hisony.com/conferences/2025/assets/js/framer/framer.Dlol2ZGn.mjs:115:45467
    at div
    at https://uxhi.hisony.com/conferences/2025/assets/js/framer/framer.Dlol2ZGn.mjs:1030:26744
    at https://uxhi.hisony.com/conferences/2025/assets/js/framer/framer.Dlol2ZGn.mjs:115:45467
    at div
    at div
    at div
    at section
    at div
    at a (https://uxhi.hisony.com/conferences/2025/assets/js/framer/motion.C0ocKdZI.mjs:9:7886)
    at fu (https://uxhi.hisony.com/conferences/2025/assets/js/framer/motion.C0ocKdZI.mjs:9:85644)
    at https://uxhi.hisony.com/conferences/2025/assets/js/framer/U7iKDn39umnlRHd0q52SeYaQxGDrBMg-kUX7IeTZl3Y.BF3BE8Ny.mjs:1:55686
    at https://uxhi.hisony.com/conferences/2025/assets/js/framer/framer.Dlol2ZGn.mjs:115:45467
    at https://uxhi.hisony.com/conferences/2025/assets/js/framer/framer.Dlol2ZGn.mjs:3:757
    at div
    at a (https://uxhi.hisony.com/conferences/2025/assets/js/framer/motion.C0ocKdZI.mjs:9:7886)
    at fu (https://uxhi.hisony.com/conferences/2025/assets/js/framer/motion.C0ocKdZI.mjs:9:85644)
    at https://uxhi.hisony.com/conferences/2025/assets/js/framer/script_main.BvL2jAHf.mjs:1:24539
    at https://uxhi.hisony.com/conferences/2025/assets/js/framer/framer.Dlol2ZGn.mjs:115:45467
    at Jt (https://uxhi.hisony.com/conferences/2025/assets/js/framer/script_main.BvL2jAHf.mjs:1:27439)
    at Pu (https://uxhi.hisony.com/conferences/2025/assets/js/framer/framer.Dlol2ZGn.mjs:54:6062)
    at qg (https://uxhi.hisony.com/conferences/2025/assets/js/framer/framer.Dlol2ZGn.mjs:115:6000)
    at Suspense
    at Oc (https://uxhi.hisony.com/conferences/2025/assets/js/framer/framer.Dlol2ZGn.mjs:49:66955)
    at Zx (https://uxhi.hisony.com/conferences/2025/assets/js/framer/framer.Dlol2ZGn.mjs:1030:32314)
    at lr (https://uxhi.hisony.com/conferences/2025/assets/js/framer/framer.Dlol2ZGn.mjs:49:6395)
    at Et (https://uxhi.hisony.com/conferences/2025/assets/js/framer/framer.Dlol2ZGn.mjs:3:2957)
    at Nu (https://uxhi.hisony.com/conferences/2025/assets/js/framer/framer.Dlol2ZGn.mjs:54:2003)
    at fu (https://uxhi.hisony.com/conferences/2025/assets/js/framer/framer.Dlol2ZGn.mjs:52:13276)
    at https://uxhi.hisony.com/conferences/2025/assets/js/framer/framer.Dlol2ZGn.mjs:1037:2511
    at https://uxhi.hisony.com/conferences/2025/assets/js/framer/framer.Dlol2ZGn.mjs:115:45467
    at OC (https://uxhi.hisony.com/conferences/2025/assets/js/framer/framer.Dlol2ZGn.mjs:1037:14950)
    at on (https://uxhi.hisony.com/conferences/2025/assets/js/framer/framer.Dlol2ZGn.mjs:7:7615)
    at Kn (https://uxhi.hisony.com/conferences/2025/assets/js/framer/motion.C0ocKdZI.mjs:9:1402)
    at Wu (https://uxhi.hisony.com/conferences/2025/assets/js/framer/framer.Dlol2ZGn.mjs:54:7321)
    at FS (https://uxhi.hisony.com/conferences/2025/assets/js/framer/framer.Dlol2ZGn.mjs:1037:7740)
    at Dn (https://uxhi.hisony.com/conferences/2025/assets/js/framer/framer.Dlol2ZGn.mjs:7:12358) @ https://uxhi.hisony.com/conferences/2025/assets/js/framer/script_main.BvL2jAHf.mjs:0
[    3169ms] [WARNING] Caught a recoverable error. The site is still functional, but might have some UI flickering or degraded page load performance. If you are the author of this website, update external components and check recently added custom code or code overrides to fix the following server/client mismatches:
 Error: Minified React error #418; visit https://reactjs.org/docs/error-decoder.html?invariant=418 for the full message or use the non-minified dev environment for full errors and additional helpful warnings.
    at da (https://uxhi.hisony.com/conferences/2025/assets/js/framer/react.Cnft6114.mjs:6:4235)
    at cp (https://uxhi.hisony.com/conferences/2025/assets/js/framer/react.Cnft6114.mjs:8:68280)
    at $s (https://uxhi.hisony.com/conferences/2025/assets/js/framer/react.Cnft6114.mjs:8:37073)
    at Qs (https://uxhi.hisony.com/conferences/2025/assets/js/framer/react.Cnft6114.mjs:8:37046)
    at Ls (https://uxhi.hisony.com/conferences/2025/assets/js/framer/react.Cnft6114.mjs:8:32130)
    at wt (https://uxhi.hisony.com/conferences/2025/assets/js/framer/react.Cnft6114.mjs:1:10651)
    at MessagePort.Et (https://uxhi.hisony.com/conferences/2025/assets/js/framer/react.Cnft6114.mjs:1:11006) 
    at div
    at https://uxhi.hisony.com/conferences/2025/assets/js/framer/framer.Dlol2ZGn.mjs:1030:26744
    at https://uxhi.hisony.com/conferences/2025/assets/js/framer/framer.Dlol2ZGn.mjs:115:45467
    at div
    at div
    at div
    at section
    at div
    at a (https://uxhi.hisony.com/conferences/2025/assets/js/framer/motion.C0ocKdZI.mjs:9:7886)
    at fu (https://uxhi.hisony.com/conferences/2025/assets/js/framer/motion.C0ocKdZI.mjs:9:85644)
    at https://uxhi.hisony.com/conferences/2025/assets/js/framer/U7iKDn39umnlRHd0q52SeYaQxGDrBMg-kUX7IeTZl3Y.BF3BE8Ny.mjs:1:55686
    at https://uxhi.hisony.com/conferences/2025/assets/js/framer/framer.Dlol2ZGn.mjs:115:45467
    at https://uxhi.hisony.com/conferences/2025/assets/js/framer/framer.Dlol2ZGn.mjs:3:757
    at div
    at a (https://uxhi.hisony.com/conferences/2025/assets/js/framer/motion.C0ocKdZI.mjs:9:7886)
    at fu (https://uxhi.hisony.com/conferences/2025/assets/js/framer/motion.C0ocKdZI.mjs:9:85644)
    at https://uxhi.hisony.com/conferences/2025/assets/js/framer/script_main.BvL2jAHf.mjs:1:24539
    at https://uxhi.hisony.com/conferences/2025/assets/js/framer/framer.Dlol2ZGn.mjs:115:45467
    at Jt (https://uxhi.hisony.com/conferences/2025/assets/js/framer/script_main.BvL2jAHf.mjs:1:27439)
    at Pu (https://uxhi.hisony.com/conferences/2025/assets/js/framer/framer.Dlol2ZGn.mjs:54:6062)
    at qg (https://uxhi.hisony.com/conferences/2025/assets/js/framer/framer.Dlol2ZGn.mjs:115:6000)
    at Suspense
    at Oc (https://uxhi.hisony.com/conferences/2025/assets/js/framer/framer.Dlol2ZGn.mjs:49:66955)
    at Zx (https://uxhi.hisony.com/conferences/2025/assets/js/framer/framer.Dlol2ZGn.mjs:1030:32314)
    at lr (https://uxhi.hisony.com/conferences/2025/assets/js/framer/framer.Dlol2ZGn.mjs:49:6395)
    at Et (https://uxhi.hisony.com/conferences/2025/assets/js/framer/framer.Dlol2ZGn.mjs:3:2957)
    at Nu (https://uxhi.hisony.com/conferences/2025/assets/js/framer/framer.Dlol2ZGn.mjs:54:2003)
    at fu (https://uxhi.hisony.com/conferences/2025/assets/js/framer/framer.Dlol2ZGn.mjs:52:13276)
    at https://uxhi.hisony.com/conferences/2025/assets/js/framer/framer.Dlol2ZGn.mjs:1037:2511
    at https://uxhi.hisony.com/conferences/2025/assets/js/framer/framer.Dlol2ZGn.mjs:115:45467
    at OC (https://uxhi.hisony.com/conferences/2025/assets/js/framer/framer.Dlol2ZGn.mjs:1037:14950)
    at on (https://uxhi.hisony.com/conferences/2025/assets/js/framer/framer.Dlol2ZGn.mjs:7:7615)
    at Kn (https://uxhi.hisony.com/conferences/2025/assets/js/framer/motion.C0ocKdZI.mjs:9:1402)
    at Wu (https://uxhi.hisony.com/conferences/2025/assets/js/framer/framer.Dlol2ZGn.mjs:54:7321)
    at FS (https://uxhi.hisony.com/conferences/2025/assets/js/framer/framer.Dlol2ZGn.mjs:1037:7740)
    at Dn (https://uxhi.hisony.com/conferences/2025/assets/js/framer/framer.Dlol2ZGn.mjs:7:12358) @ https://uxhi.hisony.com/conferences/2025/assets/js/framer/script_main.BvL2jAHf.mjs:0
[    3169ms] [WARNING] Caught a recoverable error. The site is still functional, but might have some UI flickering or degraded page load performance. If you are the author of this website, update external components and check recently added custom code or code overrides to fix the following server/client mismatches:
 Error: Minified React error #418; visit https://reactjs.org/docs/error-decoder.html?invariant=418 for the full message or use the non-minified dev environment for full errors and additional helpful warnings.
    at da (https://uxhi.hisony.com/conferences/2025/assets/js/framer/react.Cnft6114.mjs:6:4235)
    at $o (https://uxhi.hisony.com/conferences/2025/assets/js/framer/react.Cnft6114.mjs:8:6737)
    at cp (https://uxhi.hisony.com/conferences/2025/assets/js/framer/react.Cnft6114.mjs:8:68482)
    at $s (https://uxhi.hisony.com/conferences/2025/assets/js/framer/react.Cnft6114.mjs:8:37073)
    at Qs (https://uxhi.hisony.com/conferences/2025/assets/js/framer/react.Cnft6114.mjs:8:37046)
    at Ls (https://uxhi.hisony.com/conferences/2025/assets/js/framer/react.Cnft6114.mjs:8:32130)
    at wt (https://uxhi.hisony.com/conferences/2025/assets/js/framer/react.Cnft6114.mjs:1:10651)
    at MessagePort.Et (https://uxhi.hisony.com/conferences/2025/assets/js/framer/react.Cnft6114.mjs:1:11006) 
    at Suspense
    at Oc (https://uxhi.hisony.com/conferences/2025/assets/js/framer/framer.Dlol2ZGn.mjs:49:66955)
    at Bl (https://uxhi.hisony.com/conferences/2025/assets/js/framer/framer.Dlol2ZGn.mjs:52:6164)
    at div
    at div
    at div
    at section
    at div
    at a (https://uxhi.hisony.com/conferences/2025/assets/js/framer/motion.C0ocKdZI.mjs:9:7886)
    at fu (https://uxhi.hisony.com/conferences/2025/assets/js/framer/motion.C0ocKdZI.mjs:9:85644)
    at https://uxhi.hisony.com/conferences/2025/assets/js/framer/U7iKDn39umnlRHd0q52SeYaQxGDrBMg-kUX7IeTZl3Y.BF3BE8Ny.mjs:1:55686
    at https://uxhi.hisony.com/conferences/2025/assets/js/framer/framer.Dlol2ZGn.mjs:115:45467
    at https://uxhi.hisony.com/conferences/2025/assets/js/framer/framer.Dlol2ZGn.mjs:3:757
    at div
    at a (https://uxhi.hisony.com/conferences/2025/assets/js/framer/motion.C0ocKdZI.mjs:9:7886)
    at fu (https://uxhi.hisony.com/conferences/2025/assets/js/framer/motion.C0ocKdZI.mjs:9:85644)
    at https://uxhi.hisony.com/conferences/2025/assets/js/framer/script_main.BvL2jAHf.mjs:1:24539
    at https://uxhi.hisony.com/conferences/2025/assets/js/framer/framer.Dlol2ZGn.mjs:115:45467
    at Jt (https://uxhi.hisony.com/conferences/2025/assets/js/framer/script_main.BvL2jAHf.mjs:1:27439)
    at Pu (https://uxhi.hisony.com/conferences/2025/assets/js/framer/framer.Dlol2ZGn.mjs:54:6062)
    at qg (https://uxhi.hisony.com/conferences/2025/assets/js/framer/framer.Dlol2ZGn.mjs:115:6000)
    at Suspense
    at Oc (https://uxhi.hisony.com/conferences/2025/assets/js/framer/framer.Dlol2ZGn.mjs:49:66955)
    at Zx (https://uxhi.hisony.com/conferences/2025/assets/js/framer/framer.Dlol2ZGn.mjs:1030:32314)
    at lr (https://uxhi.hisony.com/conferences/2025/assets/js/framer/framer.Dlol2ZGn.mjs:49:6395)
    at Et (https://uxhi.hisony.com/conferences/2025/assets/js/framer/framer.Dlol2ZGn.mjs:3:2957)
    at Nu (https://uxhi.hisony.com/conferences/2025/assets/js/framer/framer.Dlol2ZGn.mjs:54:2003)
    at fu (https://uxhi.hisony.com/conferences/2025/assets/js/framer/framer.Dlol2ZGn.mjs:52:13276)
    at https://uxhi.hisony.com/conferences/2025/assets/js/framer/framer.Dlol2ZGn.mjs:1037:2511
    at https://uxhi.hisony.com/conferences/2025/assets/js/framer/framer.Dlol2ZGn.mjs:115:45467
    at OC (https://uxhi.hisony.com/conferences/2025/assets/js/framer/framer.Dlol2ZGn.mjs:1037:14950)
    at on (https://uxhi.hisony.com/conferences/2025/assets/js/framer/framer.Dlol2ZGn.mjs:7:7615)
    at Kn (https://uxhi.hisony.com/conferences/2025/assets/js/framer/motion.C0ocKdZI.mjs:9:1402)
    at Wu (https://uxhi.hisony.com/conferences/2025/assets/js/framer/framer.Dlol2ZGn.mjs:54:7321)
    at FS (https://uxhi.hisony.com/conferences/2025/assets/js/framer/framer.Dlol2ZGn.mjs:1037:7740)
    at Dn (https://uxhi.hisony.com/conferences/2025/assets/js/framer/framer.Dlol2ZGn.mjs:7:12358) @ https://uxhi.hisony.com/conferences/2025/assets/js/framer/script_main.BvL2jAHf.mjs:0
[    3169ms] [WARNING] Caught a recoverable error. The site is still functional, but might have some UI flickering or degraded page load performance. If you are the author of this website, update external components and check recently added custom code or code overrides to fix the following server/client mismatches:
 Error: Minified React error #418; visit https://reactjs.org/docs/error-decoder.html?invariant=418 for the full message or use the non-minified dev environment for full errors and additional helpful warnings.
    at da (https://uxhi.hisony.com/conferences/2025/assets/js/framer/react.Cnft6114.mjs:6:4235)
    at cp (https://uxhi.hisony.com/conferences/2025/assets/js/framer/react.Cnft6114.mjs:8:68280)
    at $s (https://uxhi.hisony.com/conferences/2025/assets/js/framer/react.Cnft6114.mjs:8:37073)
    at Qs (https://uxhi.hisony.com/conferences/2025/assets/js/framer/react.Cnft6114.mjs:8:37046)
    at Ls (https://uxhi.hisony.com/conferences/2025/assets/js/framer/react.Cnft6114.mjs:8:32130)
    at wt (https://uxhi.hisony.com/conferences/2025/assets/js/framer/react.Cnft6114.mjs:1:10651)
    at MessagePort.Et (https://uxhi.hisony.com/conferences/2025/assets/js/framer/react.Cnft6114.mjs:1:11006) 
    at div
    at https://uxhi.hisony.com/conferences/2025/assets/js/framer/framer.Dlol2ZGn.mjs:1030:26744
    at https://uxhi.hisony.com/conferences/2025/assets/js/framer/framer.Dlol2ZGn.mjs:115:45467
    at div
    at section
    at div
    at a (https://uxhi.hisony.com/conferences/2025/assets/js/framer/motion.C0ocKdZI.mjs:9:7886)
    at fu (https://uxhi.hisony.com/conferences/2025/assets/js/framer/motion.C0ocKdZI.mjs:9:85644)
    at https://uxhi.hisony.com/conferences/2025/assets/js/framer/U7iKDn39umnlRHd0q52SeYaQxGDrBMg-kUX7IeTZl3Y.BF3BE8Ny.mjs:1:55686
    at https://uxhi.hisony.com/conferences/2025/assets/js/framer/framer.Dlol2ZGn.mjs:115:45467
    at https://uxhi.hisony.com/conferences/2025/assets/js/framer/framer.Dlol2ZGn.mjs:3:757
    at div
    at a (https://uxhi.hisony.com/conferences/2025/assets/js/framer/motion.C0ocKdZI.mjs:9:7886)
    at fu (https://uxhi.hisony.com/conferences/2025/assets/js/framer/motion.C0ocKdZI.mjs:9:85644)
    at https://uxhi.hisony.com/conferences/2025/assets/js/framer/script_main.BvL2jAHf.mjs:1:24539
    at https://uxhi.hisony.com/conferences/2025/assets/js/framer/framer.Dlol2ZGn.mjs:115:45467
    at Jt (https://uxhi.hisony.com/conferences/2025/assets/js/framer/script_main.BvL2jAHf.mjs:1:27439)
    at Pu (https://uxhi.hisony.com/conferences/2025/assets/js/framer/framer.Dlol2ZGn.mjs:54:6062)
    at qg (https://uxhi.hisony.com/conferences/2025/assets/js/framer/framer.Dlol2ZGn.mjs:115:6000)
    at Suspense
    at Oc (https://uxhi.hisony.com/conferences/2025/assets/js/framer/framer.Dlol2ZGn.mjs:49:66955)
    at Zx (https://uxhi.hisony.com/conferences/2025/assets/js/framer/framer.Dlol2ZGn.mjs:1030:32314)
    at lr (https://uxhi.hisony.com/conferences/2025/assets/js/framer/framer.Dlol2ZGn.mjs:49:6395)
    at Et (https://uxhi.hisony.com/conferences/2025/assets/js/framer/framer.Dlol2ZGn.mjs:3:2957)
    at Nu (https://uxhi.hisony.com/conferences/2025/assets/js/framer/framer.Dlol2ZGn.mjs:54:2003)
    at fu (https://uxhi.hisony.com/conferences/2025/assets/js/framer/framer.Dlol2ZGn.mjs:52:13276)
    at https://uxhi.hisony.com/conferences/2025/assets/js/framer/framer.Dlol2ZGn.mjs:1037:2511
    at https://uxhi.hisony.com/conferences/2025/assets/js/framer/framer.Dlol2ZGn.mjs:115:45467
    at OC (https://uxhi.hisony.com/conferences/2025/assets/js/framer/framer.Dlol2ZGn.mjs:1037:14950)
    at on (https://uxhi.hisony.com/conferences/2025/assets/js/framer/framer.Dlol2ZGn.mjs:7:7615)
    at Kn (https://uxhi.hisony.com/conferences/2025/assets/js/framer/motion.C0ocKdZI.mjs:9:1402)
    at Wu (https://uxhi.hisony.com/conferences/2025/assets/js/framer/framer.Dlol2ZGn.mjs:54:7321)
    at FS (https://uxhi.hisony.com/conferences/2025/assets/js/framer/framer.Dlol2ZGn.mjs:1037:7740)
    at Dn (https://uxhi.hisony.com/conferences/2025/assets/js/framer/framer.Dlol2ZGn.mjs:7:12358) @ https://uxhi.hisony.com/conferences/2025/assets/js/framer/script_main.BvL2jAHf.mjs:0
[    3169ms] [WARNING] Caught a recoverable error. The site is still functional, but might have some UI flickering or degraded page load performance. If you are the author of this website, update external components and check recently added custom code or code overrides to fix the following server/client mismatches:
 Error: Minified React error #418; visit https://reactjs.org/docs/error-decoder.html?invariant=418 for the full message or use the non-minified dev environment for full errors and additional helpful warnings.
    at da (https://uxhi.hisony.com/conferences/2025/assets/js/framer/react.Cnft6114.mjs:6:4235)
    at cp (https://uxhi.hisony.com/conferences/2025/assets/js/framer/react.Cnft6114.mjs:8:68280)
    at $s (https://uxhi.hisony.com/conferences/2025/assets/js/framer/react.Cnft6114.mjs:8:37073)
    at Qs (https://uxhi.hisony.com/conferences/2025/assets/js/framer/react.Cnft6114.mjs:8:37046)
    at Ls (https://uxhi.hisony.com/conferences/2025/assets/js/framer/react.Cnft6114.mjs:8:32130)
    at wt (https://uxhi.hisony.com/conferences/2025/assets/js/framer/react.Cnft6114.mjs:1:10651)
    at MessagePort.Et (https://uxhi.hisony.com/conferences/2025/assets/js/framer/react.Cnft6114.mjs:1:11006) 
    at div
    at https://uxhi.hisony.com/conferences/2025/assets/js/framer/framer.Dlol2ZGn.mjs:1030:26744
    at https://uxhi.hisony.com/conferences/2025/assets/js/framer/framer.Dlol2ZGn.mjs:115:45467
    at section
    at div
    at a (https://uxhi.hisony.com/conferences/2025/assets/js/framer/motion.C0ocKdZI.mjs:9:7886)
    at fu (https://uxhi.hisony.com/conferences/2025/assets/js/framer/motion.C0ocKdZI.mjs:9:85644)
    at https://uxhi.hisony.com/conferences/2025/assets/js/framer/U7iKDn39umnlRHd0q52SeYaQxGDrBMg-kUX7IeTZl3Y.BF3BE8Ny.mjs:1:55686
    at https://uxhi.hisony.com/conferences/2025/assets/js/framer/framer.Dlol2ZGn.mjs:115:45467
    at https://uxhi.hisony.com/conferences/2025/assets/js/framer/framer.Dlol2ZGn.mjs:3:757
    at div
    at a (https://uxhi.hisony.com/conferences/2025/assets/js/framer/motion.C0ocKdZI.mjs:9:7886)
    at fu (https://uxhi.hisony.com/conferences/2025/assets/js/framer/motion.C0ocKdZI.mjs:9:85644)
    at https://uxhi.hisony.com/conferences/2025/assets/js/framer/script_main.BvL2jAHf.mjs:1:24539
    at https://uxhi.hisony.com/conferences/2025/assets/js/framer/framer.Dlol2ZGn.mjs:115:45467
    at Jt (https://uxhi.hisony.com/conferences/2025/assets/js/framer/script_main.BvL2jAHf.mjs:1:27439)
    at Pu (https://uxhi.hisony.com/conferences/2025/assets/js/framer/framer.Dlol2ZGn.mjs:54:6062)
    at qg (https://uxhi.hisony.com/conferences/2025/assets/js/framer/framer.Dlol2ZGn.mjs:115:6000)
    at Suspense
    at Oc (https://uxhi.hisony.com/conferences/2025/assets/js/framer/framer.Dlol2ZGn.mjs:49:66955)
    at Zx (https://uxhi.hisony.com/conferences/2025/assets/js/framer/framer.Dlol2ZGn.mjs:1030:32314)
    at lr (https://uxhi.hisony.com/conferences/2025/assets/js/framer/framer.Dlol2ZGn.mjs:49:6395)
    at Et (https://uxhi.hisony.com/conferences/2025/assets/js/framer/framer.Dlol2ZGn.mjs:3:2957)
    at Nu (https://uxhi.hisony.com/conferences/2025/assets/js/framer/framer.Dlol2ZGn.mjs:54:2003)
    at fu (https://uxhi.hisony.com/conferences/2025/assets/js/framer/framer.Dlol2ZGn.mjs:52:13276)
    at https://uxhi.hisony.com/conferences/2025/assets/js/framer/framer.Dlol2ZGn.mjs:1037:2511
    at https://uxhi.hisony.com/conferences/2025/assets/js/framer/framer.Dlol2ZGn.mjs:115:45467
    at OC (https://uxhi.hisony.com/conferences/2025/assets/js/framer/framer.Dlol2ZGn.mjs:1037:14950)
    at on (https://uxhi.hisony.com/conferences/2025/assets/js/framer/framer.Dlol2ZGn.mjs:7:7615)
    at Kn (https://uxhi.hisony.com/conferences/2025/assets/js/framer/motion.C0ocKdZI.mjs:9:1402)
    at Wu (https://uxhi.hisony.com/conferences/2025/assets/js/framer/framer.Dlol2ZGn.mjs:54:7321)
    at FS (https://uxhi.hisony.com/conferences/2025/assets/js/framer/framer.Dlol2ZGn.mjs:1037:7740)
    at Dn (https://uxhi.hisony.com/conferences/2025/assets/js/framer/framer.Dlol2ZGn.mjs:7:12358) @ https://uxhi.hisony.com/conferences/2025/assets/js/framer/script_main.BvL2jAHf.mjs:0
[    3169ms] [WARNING] Caught a recoverable error. The site is still functional, but might have some UI flickering or degraded page load performance. If you are the author of this website, update external components and check recently added custom code or code overrides to fix the following server/client mismatches:
 Error: Minified React error #418; visit https://reactjs.org/docs/error-decoder.html?invariant=418 for the full message or use the non-minified dev environment for full errors and additional helpful warnings.
    at da (https://uxhi.hisony.com/conferences/2025/assets/js/framer/react.Cnft6114.mjs:6:4235)
    at cp (https://uxhi.hisony.com/conferences/2025/assets/js/framer/react.Cnft6114.mjs:8:68280)
    at $s (https://uxhi.hisony.com/conferences/2025/assets/js/framer/react.Cnft6114.mjs:8:37073)
    at Qs (https://uxhi.hisony.com/conferences/2025/assets/js/framer/react.Cnft6114.mjs:8:37046)
    at Ls (https://uxhi.hisony.com/conferences/2025/assets/js/framer/react.Cnft6114.mjs:8:32130)
    at wt (https://uxhi.hisony.com/conferences/2025/assets/js/framer/react.Cnft6114.mjs:1:10651)
    at MessagePort.Et (https://uxhi.hisony.com/conferences/2025/assets/js/framer/react.Cnft6114.mjs:1:11006) 
    at section
    at div
    at a (https://uxhi.hisony.com/conferences/2025/assets/js/framer/motion.C0ocKdZI.mjs:9:7886)
    at fu (https://uxhi.hisony.com/conferences/2025/assets/js/framer/motion.C0ocKdZI.mjs:9:85644)
    at https://uxhi.hisony.com/conferences/2025/assets/js/framer/U7iKDn39umnlRHd0q52SeYaQxGDrBMg-kUX7IeTZl3Y.BF3BE8Ny.mjs:1:55686
    at https://uxhi.hisony.com/conferences/2025/assets/js/framer/framer.Dlol2ZGn.mjs:115:45467
    at https://uxhi.hisony.com/conferences/2025/assets/js/framer/framer.Dlol2ZGn.mjs:3:757
    at div
    at a (https://uxhi.hisony.com/conferences/2025/assets/js/framer/motion.C0ocKdZI.mjs:9:7886)
    at fu (https://uxhi.hisony.com/conferences/2025/assets/js/framer/motion.C0ocKdZI.mjs:9:85644)
    at https://uxhi.hisony.com/conferences/2025/assets/js/framer/script_main.BvL2jAHf.mjs:1:24539
    at https://uxhi.hisony.com/conferences/2025/assets/js/framer/framer.Dlol2ZGn.mjs:115:45467
    at Jt (https://uxhi.hisony.com/conferences/2025/assets/js/framer/script_main.BvL2jAHf.mjs:1:27439)
    at Pu (https://uxhi.hisony.com/conferences/2025/assets/js/framer/framer.Dlol2ZGn.mjs:54:6062)
    at qg (https://uxhi.hisony.com/conferences/2025/assets/js/framer/framer.Dlol2ZGn.mjs:115:6000)
    at Suspense
    at Oc (https://uxhi.hisony.com/conferences/2025/assets/js/framer/framer.Dlol2ZGn.mjs:49:66955)
    at Zx (https://uxhi.hisony.com/conferences/2025/assets/js/framer/framer.Dlol2ZGn.mjs:1030:32314)
    at lr (https://uxhi.hisony.com/conferences/2025/assets/js/framer/framer.Dlol2ZGn.mjs:49:6395)
    at Et (https://uxhi.hisony.com/conferences/2025/assets/js/framer/framer.Dlol2ZGn.mjs:3:2957)
    at Nu (https://uxhi.hisony.com/conferences/2025/assets/js/framer/framer.Dlol2ZGn.mjs:54:2003)
    at fu (https://uxhi.hisony.com/conferences/2025/assets/js/framer/framer.Dlol2ZGn.mjs:52:13276)
    at https://uxhi.hisony.com/conferences/2025/assets/js/framer/framer.Dlol2ZGn.mjs:1037:2511
    at https://uxhi.hisony.com/conferences/2025/assets/js/framer/framer.Dlol2ZGn.mjs:115:45467
    at OC (https://uxhi.hisony.com/conferences/2025/assets/js/framer/framer.Dlol2ZGn.mjs:1037:14950)
    at on (https://uxhi.hisony.com/conferences/2025/assets/js/framer/framer.Dlol2ZGn.mjs:7:7615)
    at Kn (https://uxhi.hisony.com/conferences/2025/assets/js/framer/motion.C0ocKdZI.mjs:9:1402)
    at Wu (https://uxhi.hisony.com/conferences/2025/assets/js/framer/framer.Dlol2ZGn.mjs:54:7321)
    at FS (https://uxhi.hisony.com/conferences/2025/assets/js/framer/framer.Dlol2ZGn.mjs:1037:7740)
    at Dn (https://uxhi.hisony.com/conferences/2025/assets/js/framer/framer.Dlol2ZGn.mjs:7:12358) @ https://uxhi.hisony.com/conferences/2025/assets/js/framer/script_main.BvL2jAHf.mjs:0
[    3169ms] [WARNING] Caught a recoverable error. The site is still functional, but might have some UI flickering or degraded page load performance. If you are the author of this website, update external components and check recently added custom code or code overrides to fix the following server/client mismatches:
 Error: Minified React error #418; visit https://reactjs.org/docs/error-decoder.html?invariant=418 for the full message or use the non-minified dev environment for full errors and additional helpful warnings.
    at da (https://uxhi.hisony.com/conferences/2025/assets/js/framer/react.Cnft6114.mjs:6:4235)
    at cp (https://uxhi.hisony.com/conferences/2025/assets/js/framer/react.Cnft6114.mjs:8:68280)
    at $s (https://uxhi.hisony.com/conferences/2025/assets/js/framer/react.Cnft6114.mjs:8:37073)
    at Qs (https://uxhi.hisony.com/conferences/2025/assets/js/framer/react.Cnft6114.mjs:8:37046)
    at Ls (https://uxhi.hisony.com/conferences/2025/assets/js/framer/react.Cnft6114.mjs:8:32130)
    at wt (https://uxhi.hisony.com/conferences/2025/assets/js/framer/react.Cnft6114.mjs:1:10651)
    at MessagePort.Et (https://uxhi.hisony.com/conferences/2025/assets/js/framer/react.Cnft6114.mjs:1:11006) 
    at div
    at div
    at a (https://uxhi.hisony.com/conferences/2025/assets/js/framer/motion.C0ocKdZI.mjs:9:7886)
    at fu (https://uxhi.hisony.com/conferences/2025/assets/js/framer/motion.C0ocKdZI.mjs:9:85644)
    at https://uxhi.hisony.com/conferences/2025/assets/js/framer/U7iKDn39umnlRHd0q52SeYaQxGDrBMg-kUX7IeTZl3Y.BF3BE8Ny.mjs:1:55686
    at https://uxhi.hisony.com/conferences/2025/assets/js/framer/framer.Dlol2ZGn.mjs:115:45467
    at https://uxhi.hisony.com/conferences/2025/assets/js/framer/framer.Dlol2ZGn.mjs:3:757
    at div
    at a (https://uxhi.hisony.com/conferences/2025/assets/js/framer/motion.C0ocKdZI.mjs:9:7886)
    at fu (https://uxhi.hisony.com/conferences/2025/assets/js/framer/motion.C0ocKdZI.mjs:9:85644)
    at https://uxhi.hisony.com/conferences/2025/assets/js/framer/script_main.BvL2jAHf.mjs:1:24539
    at https://uxhi.hisony.com/conferences/2025/assets/js/framer/framer.Dlol2ZGn.mjs:115:45467
    at Jt (https://uxhi.hisony.com/conferences/2025/assets/js/framer/script_main.BvL2jAHf.mjs:1:27439)
    at Pu (https://uxhi.hisony.com/conferences/2025/assets/js/framer/framer.Dlol2ZGn.mjs:54:6062)
    at qg (https://uxhi.hisony.com/conferences/2025/assets/js/framer/framer.Dlol2ZGn.mjs:115:6000)
    at Suspense
    at Oc (https://uxhi.hisony.com/conferences/2025/assets/js/framer/framer.Dlol2ZGn.mjs:49:66955)
    at Zx (https://uxhi.hisony.com/conferences/2025/assets/js/framer/framer.Dlol2ZGn.mjs:1030:32314)
    at lr (https://uxhi.hisony.com/conferences/2025/assets/js/framer/framer.Dlol2ZGn.mjs:49:6395)
    at Et (https://uxhi.hisony.com/conferences/2025/assets/js/framer/framer.Dlol2ZGn.mjs:3:2957)
    at Nu (https://uxhi.hisony.com/conferences/2025/assets/js/framer/framer.Dlol2ZGn.mjs:54:2003)
    at fu (https://uxhi.hisony.com/conferences/2025/assets/js/framer/framer.Dlol2ZGn.mjs:52:13276)
    at https://uxhi.hisony.com/conferences/2025/assets/js/framer/framer.Dlol2ZGn.mjs:1037:2511
    at https://uxhi.hisony.com/conferences/2025/assets/js/framer/framer.Dlol2ZGn.mjs:115:45467
    at OC (https://uxhi.hisony.com/conferences/2025/assets/js/framer/framer.Dlol2ZGn.mjs:1037:14950)
    at on (https://uxhi.hisony.com/conferences/2025/assets/js/framer/framer.Dlol2ZGn.mjs:7:7615)
    at Kn (https://uxhi.hisony.com/conferences/2025/assets/js/framer/motion.C0ocKdZI.mjs:9:1402)
    at Wu (https://uxhi.hisony.com/conferences/2025/assets/js/framer/framer.Dlol2ZGn.mjs:54:7321)
    at FS (https://uxhi.hisony.com/conferences/2025/assets/js/framer/framer.Dlol2ZGn.mjs:1037:7740)
    at Dn (https://uxhi.hisony.com/conferences/2025/assets/js/framer/framer.Dlol2ZGn.mjs:7:12358) @ https://uxhi.hisony.com/conferences/2025/assets/js/framer/script_main.BvL2jAHf.mjs:0
[    3170ms] [WARNING] Caught a recoverable error. The site is still functional, but might have some UI flickering or degraded page load performance. If you are the author of this website, update external components and check recently added custom code or code overrides to fix the following server/client mismatches:
 Error: Minified React error #418; visit https://reactjs.org/docs/error-decoder.html?invariant=418 for the full message or use the non-minified dev environment for full errors and additional helpful warnings.
    at da (https://uxhi.hisony.com/conferences/2025/assets/js/framer/react.Cnft6114.mjs:6:4235)
    at cp (https://uxhi.hisony.com/conferences/2025/assets/js/framer/react.Cnft6114.mjs:8:68280)
    at $s (https://uxhi.hisony.com/conferences/2025/assets/js/framer/react.Cnft6114.mjs:8:37073)
    at Qs (https://uxhi.hisony.com/conferences/2025/assets/js/framer/react.Cnft6114.mjs:8:37046)
    at Ls (https://uxhi.hisony.com/conferences/2025/assets/js/framer/react.Cnft6114.mjs:8:32130)
    at wt (https://uxhi.hisony.com/conferences/2025/assets/js/framer/react.Cnft6114.mjs:1:10651)
    at MessagePort.Et (https://uxhi.hisony.com/conferences/2025/assets/js/framer/react.Cnft6114.mjs:1:11006) 
    at div
    at div
    at a (https://uxhi.hisony.com/conferences/2025/assets/js/framer/motion.C0ocKdZI.mjs:9:7886)
    at fu (https://uxhi.hisony.com/conferences/2025/assets/js/framer/motion.C0ocKdZI.mjs:9:85644)
    at https://uxhi.hisony.com/conferences/2025/assets/js/framer/U7iKDn39umnlRHd0q52SeYaQxGDrBMg-kUX7IeTZl3Y.BF3BE8Ny.mjs:1:55686
    at https://uxhi.hisony.com/conferences/2025/assets/js/framer/framer.Dlol2ZGn.mjs:115:45467
    at https://uxhi.hisony.com/conferences/2025/assets/js/framer/framer.Dlol2ZGn.mjs:3:757
    at div
    at a (https://uxhi.hisony.com/conferences/2025/assets/js/framer/motion.C0ocKdZI.mjs:9:7886)
    at fu (https://uxhi.hisony.com/conferences/2025/assets/js/framer/motion.C0ocKdZI.mjs:9:85644)
    at https://uxhi.hisony.com/conferences/2025/assets/js/framer/script_main.BvL2jAHf.mjs:1:24539
    at https://uxhi.hisony.com/conferences/2025/assets/js/framer/framer.Dlol2ZGn.mjs:115:45467
    at Jt (https://uxhi.hisony.com/conferences/2025/assets/js/framer/script_main.BvL2jAHf.mjs:1:27439)
    at Pu (https://uxhi.hisony.com/conferences/2025/assets/js/framer/framer.Dlol2ZGn.mjs:54:6062)
    at qg (https://uxhi.hisony.com/conferences/2025/assets/js/framer/framer.Dlol2ZGn.mjs:115:6000)
    at Suspense
    at Oc (https://uxhi.hisony.com/conferences/2025/assets/js/framer/framer.Dlol2ZGn.mjs:49:66955)
    at Zx (https://uxhi.hisony.com/conferences/2025/assets/js/framer/framer.Dlol2ZGn.mjs:1030:32314)
    at lr (https://uxhi.hisony.com/conferences/2025/assets/js/framer/framer.Dlol2ZGn.mjs:49:6395)
    at Et (https://uxhi.hisony.com/conferences/2025/assets/js/framer/framer.Dlol2ZGn.mjs:3:2957)
    at Nu (https://uxhi.hisony.com/conferences/2025/assets/js/framer/framer.Dlol2ZGn.mjs:54:2003)
    at fu (https://uxhi.hisony.com/conferences/2025/assets/js/framer/framer.Dlol2ZGn.mjs:52:13276)
    at https://uxhi.hisony.com/conferences/2025/assets/js/framer/framer.Dlol2ZGn.mjs:1037:2511
    at https://uxhi.hisony.com/conferences/2025/assets/js/framer/framer.Dlol2ZGn.mjs:115:45467
    at OC (https://uxhi.hisony.com/conferences/2025/assets/js/framer/framer.Dlol2ZGn.mjs:1037:14950)
    at on (https://uxhi.hisony.com/conferences/2025/assets/js/framer/framer.Dlol2ZGn.mjs:7:7615)
    at Kn (https://uxhi.hisony.com/conferences/2025/assets/js/framer/motion.C0ocKdZI.mjs:9:1402)
    at Wu (https://uxhi.hisony.com/conferences/2025/assets/js/framer/framer.Dlol2ZGn.mjs:54:7321)
    at FS (https://uxhi.hisony.com/conferences/2025/assets/js/framer/framer.Dlol2ZGn.mjs:1037:7740)
    at Dn (https://uxhi.hisony.com/conferences/2025/assets/js/framer/framer.Dlol2ZGn.mjs:7:12358) @ https://uxhi.hisony.com/conferences/2025/assets/js/framer/script_main.BvL2jAHf.mjs:0
[    3170ms] [WARNING] Caught a recoverable error. The site is still functional, but might have some UI flickering or degraded page load performance. If you are the author of this website, update external components and check recently added custom code or code overrides to fix the following server/client mismatches:
 Error: Minified React error #418; visit https://reactjs.org/docs/error-decoder.html?invariant=418 for the full message or use the non-minified dev environment for full errors and additional helpful warnings.
    at da (https://uxhi.hisony.com/conferences/2025/assets/js/framer/react.Cnft6114.mjs:6:4235)
    at cp (https://uxhi.hisony.com/conferences/2025/assets/js/framer/react.Cnft6114.mjs:8:68280)
    at $s (https://uxhi.hisony.com/conferences/2025/assets/js/framer/react.Cnft6114.mjs:8:37073)
    at Qs (https://uxhi.hisony.com/conferences/2025/assets/js/framer/react.Cnft6114.mjs:8:37046)
    at Ls (https://uxhi.hisony.com/conferences/2025/assets/js/framer/react.Cnft6114.mjs:8:32130)
    at wt (https://uxhi.hisony.com/conferences/2025/assets/js/framer/react.Cnft6114.mjs:1:10651)
    at MessagePort.Et (https://uxhi.hisony.com/conferences/2025/assets/js/framer/react.Cnft6114.mjs:1:11006) 
    at section
    at div
    at a (https://uxhi.hisony.com/conferences/2025/assets/js/framer/motion.C0ocKdZI.mjs:9:7886)
    at fu (https://uxhi.hisony.com/conferences/2025/assets/js/framer/motion.C0ocKdZI.mjs:9:85644)
    at https://uxhi.hisony.com/conferences/2025/assets/js/framer/U7iKDn39umnlRHd0q52SeYaQxGDrBMg-kUX7IeTZl3Y.BF3BE8Ny.mjs:1:55686
    at https://uxhi.hisony.com/conferences/2025/assets/js/framer/framer.Dlol2ZGn.mjs:115:45467
    at https://uxhi.hisony.com/conferences/2025/assets/js/framer/framer.Dlol2ZGn.mjs:3:757
    at div
    at a (https://uxhi.hisony.com/conferences/2025/assets/js/framer/motion.C0ocKdZI.mjs:9:7886)
    at fu (https://uxhi.hisony.com/conferences/2025/assets/js/framer/motion.C0ocKdZI.mjs:9:85644)
    at https://uxhi.hisony.com/conferences/2025/assets/js/framer/script_main.BvL2jAHf.mjs:1:24539
    at https://uxhi.hisony.com/conferences/2025/assets/js/framer/framer.Dlol2ZGn.mjs:115:45467
    at Jt (https://uxhi.hisony.com/conferences/2025/assets/js/framer/script_main.BvL2jAHf.mjs:1:27439)
    at Pu (https://uxhi.hisony.com/conferences/2025/assets/js/framer/framer.Dlol2ZGn.mjs:54:6062)
    at qg (https://uxhi.hisony.com/conferences/2025/assets/js/framer/framer.Dlol2ZGn.mjs:115:6000)
    at Suspense
    at Oc (https://uxhi.hisony.com/conferences/2025/assets/js/framer/framer.Dlol2ZGn.mjs:49:66955)
    at Zx (https://uxhi.hisony.com/conferences/2025/assets/js/framer/framer.Dlol2ZGn.mjs:1030:32314)
    at lr (https://uxhi.hisony.com/conferences/2025/assets/js/framer/framer.Dlol2ZGn.mjs:49:6395)
    at Et (https://uxhi.hisony.com/conferences/2025/assets/js/framer/framer.Dlol2ZGn.mjs:3:2957)
    at Nu (https://uxhi.hisony.com/conferences/2025/assets/js/framer/framer.Dlol2ZGn.mjs:54:2003)
    at fu (https://uxhi.hisony.com/conferences/2025/assets/js/framer/framer.Dlol2ZGn.mjs:52:13276)
    at https://uxhi.hisony.com/conferences/2025/assets/js/framer/framer.Dlol2ZGn.mjs:1037:2511
    at https://uxhi.hisony.com/conferences/2025/assets/js/framer/framer.Dlol2ZGn.mjs:115:45467
    at OC (https://uxhi.hisony.com/conferences/2025/assets/js/framer/framer.Dlol2ZGn.mjs:1037:14950)
    at on (https://uxhi.hisony.com/conferences/2025/assets/js/framer/framer.Dlol2ZGn.mjs:7:7615)
    at Kn (https://uxhi.hisony.com/conferences/2025/assets/js/framer/motion.C0ocKdZI.mjs:9:1402)
    at Wu (https://uxhi.hisony.com/conferences/2025/assets/js/framer/framer.Dlol2ZGn.mjs:54:7321)
    at FS (https://uxhi.hisony.com/conferences/2025/assets/js/framer/framer.Dlol2ZGn.mjs:1037:7740)
    at Dn (https://uxhi.hisony.com/conferences/2025/assets/js/framer/framer.Dlol2ZGn.mjs:7:12358) @ https://uxhi.hisony.com/conferences/2025/assets/js/framer/script_main.BvL2jAHf.mjs:0
[    3170ms] [WARNING] Caught a recoverable error. The site is still functional, but might have some UI flickering or degraded page load performance. If you are the author of this website, update external components and check recently added custom code or code overrides to fix the following server/client mismatches:
 Error: Minified React error #418; visit https://reactjs.org/docs/error-decoder.html?invariant=418 for the full message or use the non-minified dev environment for full errors and additional helpful warnings.
    at da (https://uxhi.hisony.com/conferences/2025/assets/js/framer/react.Cnft6114.mjs:6:4235)
    at cp (https://uxhi.hisony.com/conferences/2025/assets/js/framer/react.Cnft6114.mjs:8:68280)
    at $s (https://uxhi.hisony.com/conferences/2025/assets/js/framer/react.Cnft6114.mjs:8:37073)
    at Qs (https://uxhi.hisony.com/conferences/2025/assets/js/framer/react.Cnft6114.mjs:8:37046)
    at Ls (https://uxhi.hisony.com/conferences/2025/assets/js/framer/react.Cnft6114.mjs:8:32130)
    at wt (https://uxhi.hisony.com/conferences/2025/assets/js/framer/react.Cnft6114.mjs:1:10651)
    at MessagePort.Et (https://uxhi.hisony.com/conferences/2025/assets/js/framer/react.Cnft6114.mjs:1:11006) 
    at div
    at a (https://uxhi.hisony.com/conferences/2025/assets/js/framer/motion.C0ocKdZI.mjs:9:7886)
    at https://uxhi.hisony.com/conferences/2025/assets/js/framer/framer.Dlol2ZGn.mjs:1037:1471
    at https://uxhi.hisony.com/conferences/2025/assets/js/framer/framer.Dlol2ZGn.mjs:1030:32214
    at https://uxhi.hisony.com/conferences/2025/assets/js/framer/framer.Dlol2ZGn.mjs:1030:32027
    at div
    at a (https://uxhi.hisony.com/conferences/2025/assets/js/framer/motion.C0ocKdZI.mjs:9:7886)
    at fu (https://uxhi.hisony.com/conferences/2025/assets/js/framer/motion.C0ocKdZI.mjs:9:85644)
    at https://uxhi.hisony.com/conferences/2025/assets/js/framer/U7iKDn39umnlRHd0q52SeYaQxGDrBMg-kUX7IeTZl3Y.BF3BE8Ny.mjs:1:55686
    at https://uxhi.hisony.com/conferences/2025/assets/js/framer/framer.Dlol2ZGn.mjs:115:45467
    at https://uxhi.hisony.com/conferences/2025/assets/js/framer/framer.Dlol2ZGn.mjs:3:757
    at div
    at a (https://uxhi.hisony.com/conferences/2025/assets/js/framer/motion.C0ocKdZI.mjs:9:7886)
    at fu (https://uxhi.hisony.com/conferences/2025/assets/js/framer/motion.C0ocKdZI.mjs:9:85644)
    at https://uxhi.hisony.com/conferences/2025/assets/js/framer/script_main.BvL2jAHf.mjs:1:24539
    at https://uxhi.hisony.com/conferences/2025/assets/js/framer/framer.Dlol2ZGn.mjs:115:45467
    at Jt (https://uxhi.hisony.com/conferences/2025/assets/js/framer/script_main.BvL2jAHf.mjs:1:27439)
    at Pu (https://uxhi.hisony.com/conferences/2025/assets/js/framer/framer.Dlol2ZGn.mjs:54:6062)
    at qg (https://uxhi.hisony.com/conferences/2025/assets/js/framer/framer.Dlol2ZGn.mjs:115:6000)
    at Suspense
    at Oc (https://uxhi.hisony.com/conferences/2025/assets/js/framer/framer.Dlol2ZGn.mjs:49:66955)
    at Zx (https://uxhi.hisony.com/conferences/2025/assets/js/framer/framer.Dlol2ZGn.mjs:1030:32314)
    at lr (https://uxhi.hisony.com/conferences/2025/assets/js/framer/framer.Dlol2ZGn.mjs:49:6395)
    at Et (https://uxhi.hisony.com/conferences/2025/assets/js/framer/framer.Dlol2ZGn.mjs:3:2957)
    at Nu (https://uxhi.hisony.com/conferences/2025/assets/js/framer/framer.Dlol2ZGn.mjs:54:2003)
    at fu (https://uxhi.hisony.com/conferences/2025/assets/js/framer/framer.Dlol2ZGn.mjs:52:13276)
    at https://uxhi.hisony.com/conferences/2025/assets/js/framer/framer.Dlol2ZGn.mjs:1037:2511
    at https://uxhi.hisony.com/conferences/2025/assets/js/framer/framer.Dlol2ZGn.mjs:115:45467
    at OC (https://uxhi.hisony.com/conferences/2025/assets/js/framer/framer.Dlol2ZGn.mjs:1037:14950)
    at on (https://uxhi.hisony.com/conferences/2025/assets/js/framer/framer.Dlol2ZGn.mjs:7:7615)
    at Kn (https://uxhi.hisony.com/conferences/2025/assets/js/framer/motion.C0ocKdZI.mjs:9:1402)
    at Wu (https://uxhi.hisony.com/conferences/2025/assets/js/framer/framer.Dlol2ZGn.mjs:54:7321)
    at FS (https://uxhi.hisony.com/conferences/2025/assets/js/framer/framer.Dlol2ZGn.mjs:1037:7740)
    at Dn (https://uxhi.hisony.com/conferences/2025/assets/js/framer/framer.Dlol2ZGn.mjs:7:12358) @ https://uxhi.hisony.com/conferences/2025/assets/js/framer/script_main.BvL2jAHf.mjs:0
[    3170ms] [WARNING] Caught a recoverable error. The site is still functional, but might have some UI flickering or degraded page load performance. If you are the author of this website, update external components and check recently added custom code or code overrides to fix the following server/client mismatches:
 Error: Minified React error #418; visit https://reactjs.org/docs/error-decoder.html?invariant=418 for the full message or use the non-minified dev environment for full errors and additional helpful warnings.
    at da (https://uxhi.hisony.com/conferences/2025/assets/js/framer/react.Cnft6114.mjs:6:4235)
    at cp (https://uxhi.hisony.com/conferences/2025/assets/js/framer/react.Cnft6114.mjs:8:68280)
    at $s (https://uxhi.hisony.com/conferences/2025/assets/js/framer/react.Cnft6114.mjs:8:37073)
    at Qs (https://uxhi.hisony.com/conferences/2025/assets/js/framer/react.Cnft6114.mjs:8:37046)
    at Ls (https://uxhi.hisony.com/conferences/2025/assets/js/framer/react.Cnft6114.mjs:8:32130)
    at wt (https://uxhi.hisony.com/conferences/2025/assets/js/framer/react.Cnft6114.mjs:1:10651)
    at MessagePort.Et (https://uxhi.hisony.com/conferences/2025/assets/js/framer/react.Cnft6114.mjs:1:11006) 
    at section
    at div
    at a (https://uxhi.hisony.com/conferences/2025/assets/js/framer/motion.C0ocKdZI.mjs:9:7886)
    at fu (https://uxhi.hisony.com/conferences/2025/assets/js/framer/motion.C0ocKdZI.mjs:9:85644)
    at https://uxhi.hisony.com/conferences/2025/assets/js/framer/U7iKDn39umnlRHd0q52SeYaQxGDrBMg-kUX7IeTZl3Y.BF3BE8Ny.mjs:1:55686
    at https://uxhi.hisony.com/conferences/2025/assets/js/framer/framer.Dlol2ZGn.mjs:115:45467
    at https://uxhi.hisony.com/conferences/2025/assets/js/framer/framer.Dlol2ZGn.mjs:3:757
    at div
    at a (https://uxhi.hisony.com/conferences/2025/assets/js/framer/motion.C0ocKdZI.mjs:9:7886)
    at fu (https://uxhi.hisony.com/conferences/2025/assets/js/framer/motion.C0ocKdZI.mjs:9:85644)
    at https://uxhi.hisony.com/conferences/2025/assets/js/framer/script_main.BvL2jAHf.mjs:1:24539
    at https://uxhi.hisony.com/conferences/2025/assets/js/framer/framer.Dlol2ZGn.mjs:115:45467
    at Jt (https://uxhi.hisony.com/conferences/2025/assets/js/framer/script_main.BvL2jAHf.mjs:1:27439)
    at Pu (https://uxhi.hisony.com/conferences/2025/assets/js/framer/framer.Dlol2ZGn.mjs:54:6062)
    at qg (https://uxhi.hisony.com/conferences/2025/assets/js/framer/framer.Dlol2ZGn.mjs:115:6000)
    at Suspense
    at Oc (https://uxhi.hisony.com/conferences/2025/assets/js/framer/framer.Dlol2ZGn.mjs:49:66955)
    at Zx (https://uxhi.hisony.com/conferences/2025/assets/js/framer/framer.Dlol2ZGn.mjs:1030:32314)
    at lr (https://uxhi.hisony.com/conferences/2025/assets/js/framer/framer.Dlol2ZGn.mjs:49:6395)
    at Et (https://uxhi.hisony.com/conferences/2025/assets/js/framer/framer.Dlol2ZGn.mjs:3:2957)
    at Nu (https://uxhi.hisony.com/conferences/2025/assets/js/framer/framer.Dlol2ZGn.mjs:54:2003)
    at fu (https://uxhi.hisony.com/conferences/2025/assets/js/framer/framer.Dlol2ZGn.mjs:52:13276)
    at https://uxhi.hisony.com/conferences/2025/assets/js/framer/framer.Dlol2ZGn.mjs:1037:2511
    at https://uxhi.hisony.com/conferences/2025/assets/js/framer/framer.Dlol2ZGn.mjs:115:45467
    at OC (https://uxhi.hisony.com/conferences/2025/assets/js/framer/framer.Dlol2ZGn.mjs:1037:14950)
    at on (https://uxhi.hisony.com/conferences/2025/assets/js/framer/framer.Dlol2ZGn.mjs:7:7615)
    at Kn (https://uxhi.hisony.com/conferences/2025/assets/js/framer/motion.C0ocKdZI.mjs:9:1402)
    at Wu (https://uxhi.hisony.com/conferences/2025/assets/js/framer/framer.Dlol2ZGn.mjs:54:7321)
    at FS (https://uxhi.hisony.com/conferences/2025/assets/js/framer/framer.Dlol2ZGn.mjs:1037:7740)
    at Dn (https://uxhi.hisony.com/conferences/2025/assets/js/framer/framer.Dlol2ZGn.mjs:7:12358) @ https://uxhi.hisony.com/conferences/2025/assets/js/framer/script_main.BvL2jAHf.mjs:0
[    3170ms] [WARNING] Caught a recoverable error. The site is still functional, but might have some UI flickering or degraded page load performance. If you are the author of this website, update external components and check recently added custom code or code overrides to fix the following server/client mismatches:
 Error: Minified React error #418; visit https://reactjs.org/docs/error-decoder.html?invariant=418 for the full message or use the non-minified dev environment for full errors and additional helpful warnings.
    at da (https://uxhi.hisony.com/conferences/2025/assets/js/framer/react.Cnft6114.mjs:6:4235)
    at cp (https://uxhi.hisony.com/conferences/2025/assets/js/framer/react.Cnft6114.mjs:8:68280)
    at $s (https://uxhi.hisony.com/conferences/2025/assets/js/framer/react.Cnft6114.mjs:8:37073)
    at Qs (https://uxhi.hisony.com/conferences/2025/assets/js/framer/react.Cnft6114.mjs:8:37046)
    at Ls (https://uxhi.hisony.com/conferences/2025/assets/js/framer/react.Cnft6114.mjs:8:32130)
    at wt (https://uxhi.hisony.com/conferences/2025/assets/js/framer/react.Cnft6114.mjs:1:10651)
    at MessagePort.Et (https://uxhi.hisony.com/conferences/2025/assets/js/framer/react.Cnft6114.mjs:1:11006) 
    at section
    at div
    at a (https://uxhi.hisony.com/conferences/2025/assets/js/framer/motion.C0ocKdZI.mjs:9:7886)
    at fu (https://uxhi.hisony.com/conferences/2025/assets/js/framer/motion.C0ocKdZI.mjs:9:85644)
    at https://uxhi.hisony.com/conferences/2025/assets/js/framer/U7iKDn39umnlRHd0q52SeYaQxGDrBMg-kUX7IeTZl3Y.BF3BE8Ny.mjs:1:55686
    at https://uxhi.hisony.com/conferences/2025/assets/js/framer/framer.Dlol2ZGn.mjs:115:45467
    at https://uxhi.hisony.com/conferences/2025/assets/js/framer/framer.Dlol2ZGn.mjs:3:757
    at div
    at a (https://uxhi.hisony.com/conferences/2025/assets/js/framer/motion.C0ocKdZI.mjs:9:7886)
    at fu (https://uxhi.hisony.com/conferences/2025/assets/js/framer/motion.C0ocKdZI.mjs:9:85644)
    at https://uxhi.hisony.com/conferences/2025/assets/js/framer/script_main.BvL2jAHf.mjs:1:24539
    at https://uxhi.hisony.com/conferences/2025/assets/js/framer/framer.Dlol2ZGn.mjs:115:45467
    at Jt (https://uxhi.hisony.com/conferences/2025/assets/js/framer/script_main.BvL2jAHf.mjs:1:27439)
    at Pu (https://uxhi.hisony.com/conferences/2025/assets/js/framer/framer.Dlol2ZGn.mjs:54:6062)
    at qg (https://uxhi.hisony.com/conferences/2025/assets/js/framer/framer.Dlol2ZGn.mjs:115:6000)
    at Suspense
    at Oc (https://uxhi.hisony.com/conferences/2025/assets/js/framer/framer.Dlol2ZGn.mjs:49:66955)
    at Zx (https://uxhi.hisony.com/conferences/2025/assets/js/framer/framer.Dlol2ZGn.mjs:1030:32314)
    at lr (https://uxhi.hisony.com/conferences/2025/assets/js/framer/framer.Dlol2ZGn.mjs:49:6395)
    at Et (https://uxhi.hisony.com/conferences/2025/assets/js/framer/framer.Dlol2ZGn.mjs:3:2957)
    at Nu (https://uxhi.hisony.com/conferences/2025/assets/js/framer/framer.Dlol2ZGn.mjs:54:2003)
    at fu (https://uxhi.hisony.com/conferences/2025/assets/js/framer/framer.Dlol2ZGn.mjs:52:13276)
    at https://uxhi.hisony.com/conferences/2025/assets/js/framer/framer.Dlol2ZGn.mjs:1037:2511
    at https://uxhi.hisony.com/conferences/2025/assets/js/framer/framer.Dlol2ZGn.mjs:115:45467
    at OC (https://uxhi.hisony.com/conferences/2025/assets/js/framer/framer.Dlol2ZGn.mjs:1037:14950)
    at on (https://uxhi.hisony.com/conferences/2025/assets/js/framer/framer.Dlol2ZGn.mjs:7:7615)
    at Kn (https://uxhi.hisony.com/conferences/2025/assets/js/framer/motion.C0ocKdZI.mjs:9:1402)
    at Wu (https://uxhi.hisony.com/conferences/2025/assets/js/framer/framer.Dlol2ZGn.mjs:54:7321)
    at FS (https://uxhi.hisony.com/conferences/2025/assets/js/framer/framer.Dlol2ZGn.mjs:1037:7740)
    at Dn (https://uxhi.hisony.com/conferences/2025/assets/js/framer/framer.Dlol2ZGn.mjs:7:12358) @ https://uxhi.hisony.com/conferences/2025/assets/js/framer/script_main.BvL2jAHf.mjs:0
[    3170ms] [WARNING] Caught a recoverable error. The site is still functional, but might have some UI flickering or degraded page load performance. If you are the author of this website, update external components and check recently added custom code or code overrides to fix the following server/client mismatches:
 Error: Minified React error #418; visit https://reactjs.org/docs/error-decoder.html?invariant=418 for the full message or use the non-minified dev environment for full errors and additional helpful warnings.
    at da (https://uxhi.hisony.com/conferences/2025/assets/js/framer/react.Cnft6114.mjs:6:4235)
    at cp (https://uxhi.hisony.com/conferences/2025/assets/js/framer/react.Cnft6114.mjs:8:68280)
    at $s (https://uxhi.hisony.com/conferences/2025/assets/js/framer/react.Cnft6114.mjs:8:37073)
    at Qs (https://uxhi.hisony.com/conferences/2025/assets/js/framer/react.Cnft6114.mjs:8:37046)
    at Ls (https://uxhi.hisony.com/conferences/2025/assets/js/framer/react.Cnft6114.mjs:8:32130)
    at wt (https://uxhi.hisony.com/conferences/2025/assets/js/framer/react.Cnft6114.mjs:1:10651)
    at MessagePort.Et (https://uxhi.hisony.com/conferences/2025/assets/js/framer/react.Cnft6114.mjs:1:11006) 
    at section
    at div
    at a (https://uxhi.hisony.com/conferences/2025/assets/js/framer/motion.C0ocKdZI.mjs:9:7886)
    at fu (https://uxhi.hisony.com/conferences/2025/assets/js/framer/motion.C0ocKdZI.mjs:9:85644)
    at https://uxhi.hisony.com/conferences/2025/assets/js/framer/U7iKDn39umnlRHd0q52SeYaQxGDrBMg-kUX7IeTZl3Y.BF3BE8Ny.mjs:1:55686
    at https://uxhi.hisony.com/conferences/2025/assets/js/framer/framer.Dlol2ZGn.mjs:115:45467
    at https://uxhi.hisony.com/conferences/2025/assets/js/framer/framer.Dlol2ZGn.mjs:3:757
    at div
    at a (https://uxhi.hisony.com/conferences/2025/assets/js/framer/motion.C0ocKdZI.mjs:9:7886)
    at fu (https://uxhi.hisony.com/conferences/2025/assets/js/framer/motion.C0ocKdZI.mjs:9:85644)
    at https://uxhi.hisony.com/conferences/2025/assets/js/framer/script_main.BvL2jAHf.mjs:1:24539
    at https://uxhi.hisony.com/conferences/2025/assets/js/framer/framer.Dlol2ZGn.mjs:115:45467
    at Jt (https://uxhi.hisony.com/conferences/2025/assets/js/framer/script_main.BvL2jAHf.mjs:1:27439)
    at Pu (https://uxhi.hisony.com/conferences/2025/assets/js/framer/framer.Dlol2ZGn.mjs:54:6062)
    at qg (https://uxhi.hisony.com/conferences/2025/assets/js/framer/framer.Dlol2ZGn.mjs:115:6000)
    at Suspense
    at Oc (https://uxhi.hisony.com/conferences/2025/assets/js/framer/framer.Dlol2ZGn.mjs:49:66955)
    at Zx (https://uxhi.hisony.com/conferences/2025/assets/js/framer/framer.Dlol2ZGn.mjs:1030:32314)
    at lr (https://uxhi.hisony.com/conferences/2025/assets/js/framer/framer.Dlol2ZGn.mjs:49:6395)
    at Et (https://uxhi.hisony.com/conferences/2025/assets/js/framer/framer.Dlol2ZGn.mjs:3:2957)
    at Nu (https://uxhi.hisony.com/conferences/2025/assets/js/framer/framer.Dlol2ZGn.mjs:54:2003)
    at fu (https://uxhi.hisony.com/conferences/2025/assets/js/framer/framer.Dlol2ZGn.mjs:52:13276)
    at https://uxhi.hisony.com/conferences/2025/assets/js/framer/framer.Dlol2ZGn.mjs:1037:2511
    at https://uxhi.hisony.com/conferences/2025/assets/js/framer/framer.Dlol2ZGn.mjs:115:45467
    at OC (https://uxhi.hisony.com/conferences/2025/assets/js/framer/framer.Dlol2ZGn.mjs:1037:14950)
    at on (https://uxhi.hisony.com/conferences/2025/assets/js/framer/framer.Dlol2ZGn.mjs:7:7615)
    at Kn (https://uxhi.hisony.com/conferences/2025/assets/js/framer/motion.C0ocKdZI.mjs:9:1402)
    at Wu (https://uxhi.hisony.com/conferences/2025/assets/js/framer/framer.Dlol2ZGn.mjs:54:7321)
    at FS (https://uxhi.hisony.com/conferences/2025/assets/js/framer/framer.Dlol2ZGn.mjs:1037:7740)
    at Dn (https://uxhi.hisony.com/conferences/2025/assets/js/framer/framer.Dlol2ZGn.mjs:7:12358) @ https://uxhi.hisony.com/conferences/2025/assets/js/framer/script_main.BvL2jAHf.mjs:0
[    3170ms] [WARNING] Caught a recoverable error. The site is still functional, but might have some UI flickering or degraded page load performance. If you are the author of this website, update external components and check recently added custom code or code overrides to fix the following server/client mismatches:
 Error: Minified React error #418; visit https://reactjs.org/docs/error-decoder.html?invariant=418 for the full message or use the non-minified dev environment for full errors and additional helpful warnings.
    at da (https://uxhi.hisony.com/conferences/2025/assets/js/framer/react.Cnft6114.mjs:6:4235)
    at cp (https://uxhi.hisony.com/conferences/2025/assets/js/framer/react.Cnft6114.mjs:8:68280)
    at $s (https://uxhi.hisony.com/conferences/2025/assets/js/framer/react.Cnft6114.mjs:8:37073)
    at Qs (https://uxhi.hisony.com/conferences/2025/assets/js/framer/react.Cnft6114.mjs:8:37046)
    at Ls (https://uxhi.hisony.com/conferences/2025/assets/js/framer/react.Cnft6114.mjs:8:32130)
    at wt (https://uxhi.hisony.com/conferences/2025/assets/js/framer/react.Cnft6114.mjs:1:10651)
    at MessagePort.Et (https://uxhi.hisony.com/conferences/2025/assets/js/framer/react.Cnft6114.mjs:1:11006) 
    at section
    at div
    at a (https://uxhi.hisony.com/conferences/2025/assets/js/framer/motion.C0ocKdZI.mjs:9:7886)
    at fu (https://uxhi.hisony.com/conferences/2025/assets/js/framer/motion.C0ocKdZI.mjs:9:85644)
    at https://uxhi.hisony.com/conferences/2025/assets/js/framer/U7iKDn39umnlRHd0q52SeYaQxGDrBMg-kUX7IeTZl3Y.BF3BE8Ny.mjs:1:55686
    at https://uxhi.hisony.com/conferences/2025/assets/js/framer/framer.Dlol2ZGn.mjs:115:45467
    at https://uxhi.hisony.com/conferences/2025/assets/js/framer/framer.Dlol2ZGn.mjs:3:757
    at div
    at a (https://uxhi.hisony.com/conferences/2025/assets/js/framer/motion.C0ocKdZI.mjs:9:7886)
    at fu (https://uxhi.hisony.com/conferences/2025/assets/js/framer/motion.C0ocKdZI.mjs:9:85644)
    at https://uxhi.hisony.com/conferences/2025/assets/js/framer/script_main.BvL2jAHf.mjs:1:24539
    at https://uxhi.hisony.com/conferences/2025/assets/js/framer/framer.Dlol2ZGn.mjs:115:45467
    at Jt (https://uxhi.hisony.com/conferences/2025/assets/js/framer/script_main.BvL2jAHf.mjs:1:27439)
    at Pu (https://uxhi.hisony.com/conferences/2025/assets/js/framer/framer.Dlol2ZGn.mjs:54:6062)
    at qg (https://uxhi.hisony.com/conferences/2025/assets/js/framer/framer.Dlol2ZGn.mjs:115:6000)
    at Suspense
    at Oc (https://uxhi.hisony.com/conferences/2025/assets/js/framer/framer.Dlol2ZGn.mjs:49:66955)
    at Zx (https://uxhi.hisony.com/conferences/2025/assets/js/framer/framer.Dlol2ZGn.mjs:1030:32314)
    at lr (https://uxhi.hisony.com/conferences/2025/assets/js/framer/framer.Dlol2ZGn.mjs:49:6395)
    at Et (https://uxhi.hisony.com/conferences/2025/assets/js/framer/framer.Dlol2ZGn.mjs:3:2957)
    at Nu (https://uxhi.hisony.com/conferences/2025/assets/js/framer/framer.Dlol2ZGn.mjs:54:2003)
    at fu (https://uxhi.hisony.com/conferences/2025/assets/js/framer/framer.Dlol2ZGn.mjs:52:13276)
    at https://uxhi.hisony.com/conferences/2025/assets/js/framer/framer.Dlol2ZGn.mjs:1037:2511
    at https://uxhi.hisony.com/conferences/2025/assets/js/framer/framer.Dlol2ZGn.mjs:115:45467
    at OC (https://uxhi.hisony.com/conferences/2025/assets/js/framer/framer.Dlol2ZGn.mjs:1037:14950)
    at on (https://uxhi.hisony.com/conferences/2025/assets/js/framer/framer.Dlol2ZGn.mjs:7:7615)
    at Kn (https://uxhi.hisony.com/conferences/2025/assets/js/framer/motion.C0ocKdZI.mjs:9:1402)
    at Wu (https://uxhi.hisony.com/conferences/2025/assets/js/framer/framer.Dlol2ZGn.mjs:54:7321)
    at FS (https://uxhi.hisony.com/conferences/2025/assets/js/framer/framer.Dlol2ZGn.mjs:1037:7740)
    at Dn (https://uxhi.hisony.com/conferences/2025/assets/js/framer/framer.Dlol2ZGn.mjs:7:12358) @ https://uxhi.hisony.com/conferences/2025/assets/js/framer/script_main.BvL2jAHf.mjs:0
[    3170ms] [WARNING] Caught a recoverable error. The site is still functional, but might have some UI flickering or degraded page load performance. If you are the author of this website, update external components and check recently added custom code or code overrides to fix the following server/client mismatches:
 Error: Minified React error #418; visit https://reactjs.org/docs/error-decoder.html?invariant=418 for the full message or use the non-minified dev environment for full errors and additional helpful warnings.
    at da (https://uxhi.hisony.com/conferences/2025/assets/js/framer/react.Cnft6114.mjs:6:4235)
    at cp (https://uxhi.hisony.com/conferences/2025/assets/js/framer/react.Cnft6114.mjs:8:68280)
    at $s (https://uxhi.hisony.com/conferences/2025/assets/js/framer/react.Cnft6114.mjs:8:37073)
    at Qs (https://uxhi.hisony.com/conferences/2025/assets/js/framer/react.Cnft6114.mjs:8:37046)
    at Ls (https://uxhi.hisony.com/conferences/2025/assets/js/framer/react.Cnft6114.mjs:8:32130)
    at wt (https://uxhi.hisony.com/conferences/2025/assets/js/framer/react.Cnft6114.mjs:1:10651)
    at MessagePort.Et (https://uxhi.hisony.com/conferences/2025/assets/js/framer/react.Cnft6114.mjs:1:11006) 
    at section
    at div
    at a (https://uxhi.hisony.com/conferences/2025/assets/js/framer/motion.C0ocKdZI.mjs:9:7886)
    at fu (https://uxhi.hisony.com/conferences/2025/assets/js/framer/motion.C0ocKdZI.mjs:9:85644)
    at https://uxhi.hisony.com/conferences/2025/assets/js/framer/U7iKDn39umnlRHd0q52SeYaQxGDrBMg-kUX7IeTZl3Y.BF3BE8Ny.mjs:1:55686
    at https://uxhi.hisony.com/conferences/2025/assets/js/framer/framer.Dlol2ZGn.mjs:115:45467
    at https://uxhi.hisony.com/conferences/2025/assets/js/framer/framer.Dlol2ZGn.mjs:3:757
    at div
    at a (https://uxhi.hisony.com/conferences/2025/assets/js/framer/motion.C0ocKdZI.mjs:9:7886)
    at fu (https://uxhi.hisony.com/conferences/2025/assets/js/framer/motion.C0ocKdZI.mjs:9:85644)
    at https://uxhi.hisony.com/conferences/2025/assets/js/framer/script_main.BvL2jAHf.mjs:1:24539
    at https://uxhi.hisony.com/conferences/2025/assets/js/framer/framer.Dlol2ZGn.mjs:115:45467
    at Jt (https://uxhi.hisony.com/conferences/2025/assets/js/framer/script_main.BvL2jAHf.mjs:1:27439)
    at Pu (https://uxhi.hisony.com/conferences/2025/assets/js/framer/framer.Dlol2ZGn.mjs:54:6062)
    at qg (https://uxhi.hisony.com/conferences/2025/assets/js/framer/framer.Dlol2ZGn.mjs:115:6000)
    at Suspense
    at Oc (https://uxhi.hisony.com/conferences/2025/assets/js/framer/framer.Dlol2ZGn.mjs:49:66955)
    at Zx (https://uxhi.hisony.com/conferences/2025/assets/js/framer/framer.Dlol2ZGn.mjs:1030:32314)
    at lr (https://uxhi.hisony.com/conferences/2025/assets/js/framer/framer.Dlol2ZGn.mjs:49:6395)
    at Et (https://uxhi.hisony.com/conferences/2025/assets/js/framer/framer.Dlol2ZGn.mjs:3:2957)
    at Nu (https://uxhi.hisony.com/conferences/2025/assets/js/framer/framer.Dlol2ZGn.mjs:54:2003)
    at fu (https://uxhi.hisony.com/conferences/2025/assets/js/framer/framer.Dlol2ZGn.mjs:52:13276)
    at https://uxhi.hisony.com/conferences/2025/assets/js/framer/framer.Dlol2ZGn.mjs:1037:2511
    at https://uxhi.hisony.com/conferences/2025/assets/js/framer/framer.Dlol2ZGn.mjs:115:45467
    at OC (https://uxhi.hisony.com/conferences/2025/assets/js/framer/framer.Dlol2ZGn.mjs:1037:14950)
    at on (https://uxhi.hisony.com/conferences/2025/assets/js/framer/framer.Dlol2ZGn.mjs:7:7615)
    at Kn (https://uxhi.hisony.com/conferences/2025/assets/js/framer/motion.C0ocKdZI.mjs:9:1402)
    at Wu (https://uxhi.hisony.com/conferences/2025/assets/js/framer/framer.Dlol2ZGn.mjs:54:7321)
    at FS (https://uxhi.hisony.com/conferences/2025/assets/js/framer/framer.Dlol2ZGn.mjs:1037:7740)
    at Dn (https://uxhi.hisony.com/conferences/2025/assets/js/framer/framer.Dlol2ZGn.mjs:7:12358) @ https://uxhi.hisony.com/conferences/2025/assets/js/framer/script_main.BvL2jAHf.mjs:0
[    3170ms] [WARNING] Caught a recoverable error. The site is still functional, but might have some UI flickering or degraded page load performance. If you are the author of this website, update external components and check recently added custom code or code overrides to fix the following server/client mismatches:
 Error: Minified React error #418; visit https://reactjs.org/docs/error-decoder.html?invariant=418 for the full message or use the non-minified dev environment for full errors and additional helpful warnings.
    at da (https://uxhi.hisony.com/conferences/2025/assets/js/framer/react.Cnft6114.mjs:6:4235)
    at cp (https://uxhi.hisony.com/conferences/2025/assets/js/framer/react.Cnft6114.mjs:8:68280)
    at $s (https://uxhi.hisony.com/conferences/2025/assets/js/framer/react.Cnft6114.mjs:8:37073)
    at Qs (https://uxhi.hisony.com/conferences/2025/assets/js/framer/react.Cnft6114.mjs:8:37046)
    at Ls (https://uxhi.hisony.com/conferences/2025/assets/js/framer/react.Cnft6114.mjs:8:32130)
    at wt (https://uxhi.hisony.com/conferences/2025/assets/js/framer/react.Cnft6114.mjs:1:10651)
    at MessagePort.Et (https://uxhi.hisony.com/conferences/2025/assets/js/framer/react.Cnft6114.mjs:1:11006) 
    at section
    at div
    at a (https://uxhi.hisony.com/conferences/2025/assets/js/framer/motion.C0ocKdZI.mjs:9:7886)
    at fu (https://uxhi.hisony.com/conferences/2025/assets/js/framer/motion.C0ocKdZI.mjs:9:85644)
    at https://uxhi.hisony.com/conferences/2025/assets/js/framer/U7iKDn39umnlRHd0q52SeYaQxGDrBMg-kUX7IeTZl3Y.BF3BE8Ny.mjs:1:55686
    at https://uxhi.hisony.com/conferences/2025/assets/js/framer/framer.Dlol2ZGn.mjs:115:45467
    at https://uxhi.hisony.com/conferences/2025/assets/js/framer/framer.Dlol2ZGn.mjs:3:757
    at div
    at a (https://uxhi.hisony.com/conferences/2025/assets/js/framer/motion.C0ocKdZI.mjs:9:7886)
    at fu (https://uxhi.hisony.com/conferences/2025/assets/js/framer/motion.C0ocKdZI.mjs:9:85644)
    at https://uxhi.hisony.com/conferences/2025/assets/js/framer/script_main.BvL2jAHf.mjs:1:24539
    at https://uxhi.hisony.com/conferences/2025/assets/js/framer/framer.Dlol2ZGn.mjs:115:45467
    at Jt (https://uxhi.hisony.com/conferences/2025/assets/js/framer/script_main.BvL2jAHf.mjs:1:27439)
    at Pu (https://uxhi.hisony.com/conferences/2025/assets/js/framer/framer.Dlol2ZGn.mjs:54:6062)
    at qg (https://uxhi.hisony.com/conferences/2025/assets/js/framer/framer.Dlol2ZGn.mjs:115:6000)
    at Suspense
    at Oc (https://uxhi.hisony.com/conferences/2025/assets/js/framer/framer.Dlol2ZGn.mjs:49:66955)
    at Zx (https://uxhi.hisony.com/conferences/2025/assets/js/framer/framer.Dlol2ZGn.mjs:1030:32314)
    at lr (https://uxhi.hisony.com/conferences/2025/assets/js/framer/framer.Dlol2ZGn.mjs:49:6395)
    at Et (https://uxhi.hisony.com/conferences/2025/assets/js/framer/framer.Dlol2ZGn.mjs:3:2957)
    at Nu (https://uxhi.hisony.com/conferences/2025/assets/js/framer/framer.Dlol2ZGn.mjs:54:2003)
    at fu (https://uxhi.hisony.com/conferences/2025/assets/js/framer/framer.Dlol2ZGn.mjs:52:13276)
    at https://uxhi.hisony.com/conferences/2025/assets/js/framer/framer.Dlol2ZGn.mjs:1037:2511
    at https://uxhi.hisony.com/conferences/2025/assets/js/framer/framer.Dlol2ZGn.mjs:115:45467
    at OC (https://uxhi.hisony.com/conferences/2025/assets/js/framer/framer.Dlol2ZGn.mjs:1037:14950)
    at on (https://uxhi.hisony.com/conferences/2025/assets/js/framer/framer.Dlol2ZGn.mjs:7:7615)
    at Kn (https://uxhi.hisony.com/conferences/2025/assets/js/framer/motion.C0ocKdZI.mjs:9:1402)
    at Wu (https://uxhi.hisony.com/conferences/2025/assets/js/framer/framer.Dlol2ZGn.mjs:54:7321)
    at FS (https://uxhi.hisony.com/conferences/2025/assets/js/framer/framer.Dlol2ZGn.mjs:1037:7740)
    at Dn (https://uxhi.hisony.com/conferences/2025/assets/js/framer/framer.Dlol2ZGn.mjs:7:12358) @ https://uxhi.hisony.com/conferences/2025/assets/js/framer/script_main.BvL2jAHf.mjs:0
[    3170ms] [WARNING] Caught a recoverable error. The site is still functional, but might have some UI flickering or degraded page load performance. If you are the author of this website, update external components and check recently added custom code or code overrides to fix the following server/client mismatches:
 Error: Minified React error #418; visit https://reactjs.org/docs/error-decoder.html?invariant=418 for the full message or use the non-minified dev environment for full errors and additional helpful warnings.
    at da (https://uxhi.hisony.com/conferences/2025/assets/js/framer/react.Cnft6114.mjs:6:4235)
    at cp (https://uxhi.hisony.com/conferences/2025/assets/js/framer/react.Cnft6114.mjs:8:68280)
    at $s (https://uxhi.hisony.com/conferences/2025/assets/js/framer/react.Cnft6114.mjs:8:37073)
    at Qs (https://uxhi.hisony.com/conferences/2025/assets/js/framer/react.Cnft6114.mjs:8:37046)
    at Ls (https://uxhi.hisony.com/conferences/2025/assets/js/framer/react.Cnft6114.mjs:8:32130)
    at wt (https://uxhi.hisony.com/conferences/2025/assets/js/framer/react.Cnft6114.mjs:1:10651)
    at MessagePort.Et (https://uxhi.hisony.com/conferences/2025/assets/js/framer/react.Cnft6114.mjs:1:11006) 
    at div
    at div
    at a (https://uxhi.hisony.com/conferences/2025/assets/js/framer/motion.C0ocKdZI.mjs:9:7886)
    at fu (https://uxhi.hisony.com/conferences/2025/assets/js/framer/motion.C0ocKdZI.mjs:9:85644)
    at https://uxhi.hisony.com/conferences/2025/assets/js/framer/U7iKDn39umnlRHd0q52SeYaQxGDrBMg-kUX7IeTZl3Y.BF3BE8Ny.mjs:1:55686
    at https://uxhi.hisony.com/conferences/2025/assets/js/framer/framer.Dlol2ZGn.mjs:115:45467
    at https://uxhi.hisony.com/conferences/2025/assets/js/framer/framer.Dlol2ZGn.mjs:3:757
    at div
    at a (https://uxhi.hisony.com/conferences/2025/assets/js/framer/motion.C0ocKdZI.mjs:9:7886)
    at fu (https://uxhi.hisony.com/conferences/2025/assets/js/framer/motion.C0ocKdZI.mjs:9:85644)
    at https://uxhi.hisony.com/conferences/2025/assets/js/framer/script_main.BvL2jAHf.mjs:1:24539
    at https://uxhi.hisony.com/conferences/2025/assets/js/framer/framer.Dlol2ZGn.mjs:115:45467
    at Jt (https://uxhi.hisony.com/conferences/2025/assets/js/framer/script_main.BvL2jAHf.mjs:1:27439)
    at Pu (https://uxhi.hisony.com/conferences/2025/assets/js/framer/framer.Dlol2ZGn.mjs:54:6062)
    at qg (https://uxhi.hisony.com/conferences/2025/assets/js/framer/framer.Dlol2ZGn.mjs:115:6000)
    at Suspense
    at Oc (https://uxhi.hisony.com/conferences/2025/assets/js/framer/framer.Dlol2ZGn.mjs:49:66955)
    at Zx (https://uxhi.hisony.com/conferences/2025/assets/js/framer/framer.Dlol2ZGn.mjs:1030:32314)
    at lr (https://uxhi.hisony.com/conferences/2025/assets/js/framer/framer.Dlol2ZGn.mjs:49:6395)
    at Et (https://uxhi.hisony.com/conferences/2025/assets/js/framer/framer.Dlol2ZGn.mjs:3:2957)
    at Nu (https://uxhi.hisony.com/conferences/2025/assets/js/framer/framer.Dlol2ZGn.mjs:54:2003)
    at fu (https://uxhi.hisony.com/conferences/2025/assets/js/framer/framer.Dlol2ZGn.mjs:52:13276)
    at https://uxhi.hisony.com/conferences/2025/assets/js/framer/framer.Dlol2ZGn.mjs:1037:2511
    at https://uxhi.hisony.com/conferences/2025/assets/js/framer/framer.Dlol2ZGn.mjs:115:45467
    at OC (https://uxhi.hisony.com/conferences/2025/assets/js/framer/framer.Dlol2ZGn.mjs:1037:14950)
    at on (https://uxhi.hisony.com/conferences/2025/assets/js/framer/framer.Dlol2ZGn.mjs:7:7615)
    at Kn (https://uxhi.hisony.com/conferences/2025/assets/js/framer/motion.C0ocKdZI.mjs:9:1402)
    at Wu (https://uxhi.hisony.com/conferences/2025/assets/js/framer/framer.Dlol2ZGn.mjs:54:7321)
    at FS (https://uxhi.hisony.com/conferences/2025/assets/js/framer/framer.Dlol2ZGn.mjs:1037:7740)
    at Dn (https://uxhi.hisony.com/conferences/2025/assets/js/framer/framer.Dlol2ZGn.mjs:7:12358) @ https://uxhi.hisony.com/conferences/2025/assets/js/framer/script_main.BvL2jAHf.mjs:0
[    3170ms] [WARNING] Caught a recoverable error. The site is still functional, but might have some UI flickering or degraded page load performance. If you are the author of this website, update external components and check recently added custom code or code overrides to fix the following server/client mismatches:
 Error: Minified React error #418; visit https://reactjs.org/docs/error-decoder.html?invariant=418 for the full message or use the non-minified dev environment for full errors and additional helpful warnings.
    at da (https://uxhi.hisony.com/conferences/2025/assets/js/framer/react.Cnft6114.mjs:6:4235)
    at cp (https://uxhi.hisony.com/conferences/2025/assets/js/framer/react.Cnft6114.mjs:8:68280)
    at $s (https://uxhi.hisony.com/conferences/2025/assets/js/framer/react.Cnft6114.mjs:8:37073)
    at Qs (https://uxhi.hisony.com/conferences/2025/assets/js/framer/react.Cnft6114.mjs:8:37046)
    at Ls (https://uxhi.hisony.com/conferences/2025/assets/js/framer/react.Cnft6114.mjs:8:32130)
    at wt (https://uxhi.hisony.com/conferences/2025/assets/js/framer/react.Cnft6114.mjs:1:10651)
    at MessagePort.Et (https://uxhi.hisony.com/conferences/2025/assets/js/framer/react.Cnft6114.mjs:1:11006) 
    at div
    at fu (https://uxhi.hisony.com/conferences/2025/assets/js/framer/motion.C0ocKdZI.mjs:9:85644)
    at https://uxhi.hisony.com/conferences/2025/assets/js/framer/U7iKDn39umnlRHd0q52SeYaQxGDrBMg-kUX7IeTZl3Y.BF3BE8Ny.mjs:1:55686
    at https://uxhi.hisony.com/conferences/2025/assets/js/framer/framer.Dlol2ZGn.mjs:115:45467
    at https://uxhi.hisony.com/conferences/2025/assets/js/framer/framer.Dlol2ZGn.mjs:3:757
    at div
    at a (https://uxhi.hisony.com/conferences/2025/assets/js/framer/motion.C0ocKdZI.mjs:9:7886)
    at fu (https://uxhi.hisony.com/conferences/2025/assets/js/framer/motion.C0ocKdZI.mjs:9:85644)
    at https://uxhi.hisony.com/conferences/2025/assets/js/framer/script_main.BvL2jAHf.mjs:1:24539
    at https://uxhi.hisony.com/conferences/2025/assets/js/framer/framer.Dlol2ZGn.mjs:115:45467
    at Jt (https://uxhi.hisony.com/conferences/2025/assets/js/framer/script_main.BvL2jAHf.mjs:1:27439)
    at Pu (https://uxhi.hisony.com/conferences/2025/assets/js/framer/framer.Dlol2ZGn.mjs:54:6062)
    at qg (https://uxhi.hisony.com/conferences/2025/assets/js/framer/framer.Dlol2ZGn.mjs:115:6000)
    at Suspense
    at Oc (https://uxhi.hisony.com/conferences/2025/assets/js/framer/framer.Dlol2ZGn.mjs:49:66955)
    at Zx (https://uxhi.hisony.com/conferences/2025/assets/js/framer/framer.Dlol2ZGn.mjs:1030:32314)
    at lr (https://uxhi.hisony.com/conferences/2025/assets/js/framer/framer.Dlol2ZGn.mjs:49:6395)
    at Et (https://uxhi.hisony.com/conferences/2025/assets/js/framer/framer.Dlol2ZGn.mjs:3:2957)
    at Nu (https://uxhi.hisony.com/conferences/2025/assets/js/framer/framer.Dlol2ZGn.mjs:54:2003)
    at fu (https://uxhi.hisony.com/conferences/2025/assets/js/framer/framer.Dlol2ZGn.mjs:52:13276)
    at https://uxhi.hisony.com/conferences/2025/assets/js/framer/framer.Dlol2ZGn.mjs:1037:2511
    at https://uxhi.hisony.com/conferences/2025/assets/js/framer/framer.Dlol2ZGn.mjs:115:45467
    at OC (https://uxhi.hisony.com/conferences/2025/assets/js/framer/framer.Dlol2ZGn.mjs:1037:14950)
    at on (https://uxhi.hisony.com/conferences/2025/assets/js/framer/framer.Dlol2ZGn.mjs:7:7615)
    at Kn (https://uxhi.hisony.com/conferences/2025/assets/js/framer/motion.C0ocKdZI.mjs:9:1402)
    at Wu (https://uxhi.hisony.com/conferences/2025/assets/js/framer/framer.Dlol2ZGn.mjs:54:7321)
    at FS (https://uxhi.hisony.com/conferences/2025/assets/js/framer/framer.Dlol2ZGn.mjs:1037:7740)
    at Dn (https://uxhi.hisony.com/conferences/2025/assets/js/framer/framer.Dlol2ZGn.mjs:7:12358) @ https://uxhi.hisony.com/conferences/2025/assets/js/framer/script_main.BvL2jAHf.mjs:0
[    3170ms] [WARNING] Caught a recoverable error. The site is still functional, but might have some UI flickering or degraded page load performance. If you are the author of this website, update external components and check recently added custom code or code overrides to fix the following server/client mismatches:
 Error: Minified React error #418; visit https://reactjs.org/docs/error-decoder.html?invariant=418 for the full message or use the non-minified dev environment for full errors and additional helpful warnings.
    at da (https://uxhi.hisony.com/conferences/2025/assets/js/framer/react.Cnft6114.mjs:6:4235)
    at cp (https://uxhi.hisony.com/conferences/2025/assets/js/framer/react.Cnft6114.mjs:8:68280)
    at $s (https://uxhi.hisony.com/conferences/2025/assets/js/framer/react.Cnft6114.mjs:8:37073)
    at Qs (https://uxhi.hisony.com/conferences/2025/assets/js/framer/react.Cnft6114.mjs:8:37046)
    at Ls (https://uxhi.hisony.com/conferences/2025/assets/js/framer/react.Cnft6114.mjs:8:32130)
    at wt (https://uxhi.hisony.com/conferences/2025/assets/js/framer/react.Cnft6114.mjs:1:10651)
    at MessagePort.Et (https://uxhi.hisony.com/conferences/2025/assets/js/framer/react.Cnft6114.mjs:1:11006) 
    at div
    at div
    at a (https://uxhi.hisony.com/conferences/2025/assets/js/framer/motion.C0ocKdZI.mjs:9:7886)
    at fu (https://uxhi.hisony.com/conferences/2025/assets/js/framer/motion.C0ocKdZI.mjs:9:85644)
    at https://uxhi.hisony.com/conferences/2025/assets/js/framer/script_main.BvL2jAHf.mjs:1:24539
    at https://uxhi.hisony.com/conferences/2025/assets/js/framer/framer.Dlol2ZGn.mjs:115:45467
    at Jt (https://uxhi.hisony.com/conferences/2025/assets/js/framer/script_main.BvL2jAHf.mjs:1:27439)
    at Pu (https://uxhi.hisony.com/conferences/2025/assets/js/framer/framer.Dlol2ZGn.mjs:54:6062)
    at qg (https://uxhi.hisony.com/conferences/2025/assets/js/framer/framer.Dlol2ZGn.mjs:115:6000)
    at Suspense
    at Oc (https://uxhi.hisony.com/conferences/2025/assets/js/framer/framer.Dlol2ZGn.mjs:49:66955)
    at Zx (https://uxhi.hisony.com/conferences/2025/assets/js/framer/framer.Dlol2ZGn.mjs:1030:32314)
    at lr (https://uxhi.hisony.com/conferences/2025/assets/js/framer/framer.Dlol2ZGn.mjs:49:6395)
    at Et (https://uxhi.hisony.com/conferences/2025/assets/js/framer/framer.Dlol2ZGn.mjs:3:2957)
    at Nu (https://uxhi.hisony.com/conferences/2025/assets/js/framer/framer.Dlol2ZGn.mjs:54:2003)
    at fu (https://uxhi.hisony.com/conferences/2025/assets/js/framer/framer.Dlol2ZGn.mjs:52:13276)
    at https://uxhi.hisony.com/conferences/2025/assets/js/framer/framer.Dlol2ZGn.mjs:1037:2511
    at https://uxhi.hisony.com/conferences/2025/assets/js/framer/framer.Dlol2ZGn.mjs:115:45467
    at OC (https://uxhi.hisony.com/conferences/2025/assets/js/framer/framer.Dlol2ZGn.mjs:1037:14950)
    at on (https://uxhi.hisony.com/conferences/2025/assets/js/framer/framer.Dlol2ZGn.mjs:7:7615)
    at Kn (https://uxhi.hisony.com/conferences/2025/assets/js/framer/motion.C0ocKdZI.mjs:9:1402)
    at Wu (https://uxhi.hisony.com/conferences/2025/assets/js/framer/framer.Dlol2ZGn.mjs:54:7321)
    at FS (https://uxhi.hisony.com/conferences/2025/assets/js/framer/framer.Dlol2ZGn.mjs:1037:7740)
    at Dn (https://uxhi.hisony.com/conferences/2025/assets/js/framer/framer.Dlol2ZGn.mjs:7:12358) @ https://uxhi.hisony.com/conferences/2025/assets/js/framer/script_main.BvL2jAHf.mjs:0
[    3170ms] [WARNING] Caught a recoverable error. The site is still functional, but might have some UI flickering or degraded page load performance. If you are the author of this website, update external components and check recently added custom code or code overrides to fix the following server/client mismatches:
 Error: Minified React error #418; visit https://reactjs.org/docs/error-decoder.html?invariant=418 for the full message or use the non-minified dev environment for full errors and additional helpful warnings.
    at da (https://uxhi.hisony.com/conferences/2025/assets/js/framer/react.Cnft6114.mjs:6:4235)
    at cp (https://uxhi.hisony.com/conferences/2025/assets/js/framer/react.Cnft6114.mjs:8:68280)
    at $s (https://uxhi.hisony.com/conferences/2025/assets/js/framer/react.Cnft6114.mjs:8:37073)
    at Qs (https://uxhi.hisony.com/conferences/2025/assets/js/framer/react.Cnft6114.mjs:8:37046)
    at Ls (https://uxhi.hisony.com/conferences/2025/assets/js/framer/react.Cnft6114.mjs:8:32130)
    at wt (https://uxhi.hisony.com/conferences/2025/assets/js/framer/react.Cnft6114.mjs:1:10651)
    at MessagePort.Et (https://uxhi.hisony.com/conferences/2025/assets/js/framer/react.Cnft6114.mjs:1:11006) 
    at div
    at fu (https://uxhi.hisony.com/conferences/2025/assets/js/framer/motion.C0ocKdZI.mjs:9:85644)
    at https://uxhi.hisony.com/conferences/2025/assets/js/framer/script_main.BvL2jAHf.mjs:1:24539
    at https://uxhi.hisony.com/conferences/2025/assets/js/framer/framer.Dlol2ZGn.mjs:115:45467
    at Jt (https://uxhi.hisony.com/conferences/2025/assets/js/framer/script_main.BvL2jAHf.mjs:1:27439)
    at Pu (https://uxhi.hisony.com/conferences/2025/assets/js/framer/framer.Dlol2ZGn.mjs:54:6062)
    at qg (https://uxhi.hisony.com/conferences/2025/assets/js/framer/framer.Dlol2ZGn.mjs:115:6000)
    at Suspense
    at Oc (https://uxhi.hisony.com/conferences/2025/assets/js/framer/framer.Dlol2ZGn.mjs:49:66955)
    at Zx (https://uxhi.hisony.com/conferences/2025/assets/js/framer/framer.Dlol2ZGn.mjs:1030:32314)
    at lr (https://uxhi.hisony.com/conferences/2025/assets/js/framer/framer.Dlol2ZGn.mjs:49:6395)
    at Et (https://uxhi.hisony.com/conferences/2025/assets/js/framer/framer.Dlol2ZGn.mjs:3:2957)
    at Nu (https://uxhi.hisony.com/conferences/2025/assets/js/framer/framer.Dlol2ZGn.mjs:54:2003)
    at fu (https://uxhi.hisony.com/conferences/2025/assets/js/framer/framer.Dlol2ZGn.mjs:52:13276)
    at https://uxhi.hisony.com/conferences/2025/assets/js/framer/framer.Dlol2ZGn.mjs:1037:2511
    at https://uxhi.hisony.com/conferences/2025/assets/js/framer/framer.Dlol2ZGn.mjs:115:45467
    at OC (https://uxhi.hisony.com/conferences/2025/assets/js/framer/framer.Dlol2ZGn.mjs:1037:14950)
    at on (https://uxhi.hisony.com/conferences/2025/assets/js/framer/framer.Dlol2ZGn.mjs:7:7615)
    at Kn (https://uxhi.hisony.com/conferences/2025/assets/js/framer/motion.C0ocKdZI.mjs:9:1402)
    at Wu (https://uxhi.hisony.com/conferences/2025/assets/js/framer/framer.Dlol2ZGn.mjs:54:7321)
    at FS (https://uxhi.hisony.com/conferences/2025/assets/js/framer/framer.Dlol2ZGn.mjs:1037:7740)
    at Dn (https://uxhi.hisony.com/conferences/2025/assets/js/framer/framer.Dlol2ZGn.mjs:7:12358) @ https://uxhi.hisony.com/conferences/2025/assets/js/framer/script_main.BvL2jAHf.mjs:0
[    3170ms] [WARNING] Caught a recoverable error. The site is still functional, but might have some UI flickering or degraded page load performance. If you are the author of this website, update external components and check recently added custom code or code overrides to fix the following server/client mismatches:
 Error: Minified React error #422; visit https://reactjs.org/docs/error-decoder.html?invariant=422 for the full message or use the non-minified dev environment for full errors and additional helpful warnings.
    at ns (https://uxhi.hisony.com/conferences/2025/assets/js/framer/react.Cnft6114.mjs:8:8255)
    at $o (https://uxhi.hisony.com/conferences/2025/assets/js/framer/react.Cnft6114.mjs:8:7196)
    at cp (https://uxhi.hisony.com/conferences/2025/assets/js/framer/react.Cnft6114.mjs:8:68482)
    at $s (https://uxhi.hisony.com/conferences/2025/assets/js/framer/react.Cnft6114.mjs:8:37073)
    at Qs (https://uxhi.hisony.com/conferences/2025/assets/js/framer/react.Cnft6114.mjs:8:37046)
    at Ls (https://uxhi.hisony.com/conferences/2025/assets/js/framer/react.Cnft6114.mjs:8:32130)
    at wt (https://uxhi.hisony.com/conferences/2025/assets/js/framer/react.Cnft6114.mjs:1:10651)
    at MessagePort.Et (https://uxhi.hisony.com/conferences/2025/assets/js/framer/react.Cnft6114.mjs:1:11006) null @ https://uxhi.hisony.com/conferences/2025/assets/js/framer/script_main.BvL2jAHf.mjs:0
[    3733ms] [ERROR] Failed to load resource: the server responded with a status of 404 () @ https://uxhi.hisony.com/anonymous/:0
[    4704ms] [LOG] [Framer On-Page Editing] Unavailable because not on a `framer.app` subdomain and access status is no-auth @ https://app.framerstatic.com/editorbar.HZZV7OTK.mjs:0
