[      21ms] [LOG] Running frontend commit c5453b525b02ca89a727ce2aa2f77811fe552c13 @ https://www.figma.com/login:453
[     434ms] [WARNING] Statsig is not ready to log exposures, will retry in 1 seconds @ https://www.figma.com/webpack-artifacts/assets/vendor-core-6e5e904a6b7f12e6.min.js.br:54
[     526ms] [ERROR] Failed to load resource: the server responded with a status of 401 () @ https://www.figma.com/api/statsig/v1_ruleset:0
[     527ms] [ERROR] Failed to fetch v1 ruleset: D: XHR for "/api/statsig/v1_ruleset" failed with status 401
    at P (https://www.figma.com/webpack-artifacts/assets/764-87d4dd460d558e95.min.js.br:29:12050)
    at async Object.x [as get] (https://www.figma.com/webpack-artifacts/assets/764-87d4dd460d558e95.min.js.br:29:12433)
    at async https://www.figma.com/webpack-artifacts/assets/764-87d4dd460d558e95.min.js.br:7:111753
    at async m.validate (https://www.figma.com/webpack-artifacts/assets/764-87d4dd460d558e95.min.js.br:9:6810)
    at async T (https://www.figma.com/webpack-artifacts/assets/764-87d4dd460d558e95.min.js.br:7:336808)
    at async E (https://www.figma.com/webpack-artifacts/assets/764-87d4dd460d558e95.min.js.br:7:336012)
    at async Object.write (https://www.figma.com/webpack-artifacts/assets/764-87d4dd460d558e95.min.js.br:7:335631) @ https://www.figma.com/webpack-artifacts/assets/vendor-core-6e5e904a6b7f12e6.min.js.br:54
[     670ms] [WARNING] Failed to execute 'postMessage' on 'DOMWindow': The target origin provided ('https://marketing.figma.com') does not match the recipient window's origin ('https://www.figma.com'). @ https://www.figma.com/webpack-artifacts/assets/764-87d4dd460d558e95.min.js.br:6
[     670ms] [WARNING] Failed to execute 'postMessage' on 'DOMWindow': The target origin provided ('https://marketing.figma.com') does not match the recipient window's origin ('https://www.figma.com'). @ https://www.figma.com/webpack-artifacts/assets/764-87d4dd460d558e95.min.js.br:6
[     670ms] [WARNING] Failed to execute 'postMessage' on 'DOMWindow': The target origin provided ('https://marketing.figma.com') does not match the recipient window's origin ('https://www.figma.com'). @ https://www.figma.com/webpack-artifacts/assets/764-87d4dd460d558e95.min.js.br:6
[    2165ms] [WARNING] [Meta pixel] 871885529854177 is unavailable on this website due to it's traffic permission settings. Go to https://www.facebook.com/business/help/572690630080597 to learn more. @ https://connect.facebook.net/en_US/fbevents.js:181
[    3129ms] [ERROR] Cross-Origin-Opener-Policy policy would block the window.closed call. @ https://www.figma.com/webpack-artifacts/assets/764-87d4dd460d558e95.min.js.br:6
[    3129ms] [ERROR] Cross-Origin-Opener-Policy policy would block the window.closed call. @ https://www.figma.com/webpack-artifacts/assets/764-87d4dd460d558e95.min.js.br:6
[   24521ms] [ERROR] Cross-Origin-Opener-Policy policy would block the window.closed call. @ https://www.figma.com/webpack-artifacts/assets/764-87d4dd460d558e95.min.js.br:6
[   24521ms] [ERROR] Cross-Origin-Opener-Policy policy would block the window.closed call. @ https://www.figma.com/webpack-artifacts/assets/764-87d4dd460d558e95.min.js.br:6
[   63285ms] [ERROR] Cross-Origin-Opener-Policy policy would block the window.closed call. @ https://www.figma.com/webpack-artifacts/assets/764-87d4dd460d558e95.min.js.br:6
[   63285ms] [ERROR] Cross-Origin-Opener-Policy policy would block the window.closed call. @ https://www.figma.com/webpack-artifacts/assets/764-87d4dd460d558e95.min.js.br:6
[   63536ms] [ERROR] Cross-Origin-Opener-Policy policy would block the window.closed call. @ https://www.figma.com/webpack-artifacts/assets/764-87d4dd460d558e95.min.js.br:6
[   63536ms] [ERROR] Cross-Origin-Opener-Policy policy would block the window.closed call. @ https://www.figma.com/webpack-artifacts/assets/764-87d4dd460d558e95.min.js.br:6
[   64796ms] [ERROR] Cross-Origin-Opener-Policy policy would block the window.closed call. @ https://www.figma.com/webpack-artifacts/assets/764-87d4dd460d558e95.min.js.br:6
[   64796ms] [ERROR] Cross-Origin-Opener-Policy policy would block the window.closed call. @ https://www.figma.com/webpack-artifacts/assets/764-87d4dd460d558e95.min.js.br:6
[   65048ms] [ERROR] Cross-Origin-Opener-Policy policy would block the window.closed call. @ https://www.figma.com/webpack-artifacts/assets/764-87d4dd460d558e95.min.js.br:6
[   65048ms] [ERROR] Cross-Origin-Opener-Policy policy would block the window.closed call. @ https://www.figma.com/webpack-artifacts/assets/764-87d4dd460d558e95.min.js.br:6
[   66556ms] [ERROR] Cross-Origin-Opener-Policy policy would block the window.closed call. @ https://www.figma.com/webpack-artifacts/assets/764-87d4dd460d558e95.min.js.br:6
[   66556ms] [ERROR] Cross-Origin-Opener-Policy policy would block the window.closed call. @ https://www.figma.com/webpack-artifacts/assets/764-87d4dd460d558e95.min.js.br:6
[   69576ms] [ERROR] Cross-Origin-Opener-Policy policy would block the window.closed call. @ https://www.figma.com/webpack-artifacts/assets/764-87d4dd460d558e95.min.js.br:6
[   69576ms] [ERROR] Cross-Origin-Opener-Policy policy would block the window.closed call. @ https://www.figma.com/webpack-artifacts/assets/764-87d4dd460d558e95.min.js.br:6
[   70876ms] [ERROR] Failed to load resource: the server responded with a status of 422 () @ https://www.figma.com/api/session/google_auth/signin:0
[   71546ms] [WARNING] <meta name="apple-mobile-web-app-capable" content="yes"> is deprecated. Please include <meta name="mobile-web-app-capable" content="yes"> @ https://doximity.okta.com/app/figma/exk6bxxd9lxaQlbY3357/sso/saml?SAMLRequest=lZJLa8MwEIT%2Fim862ZIcO7ZFHDAJhUBa%2Bob2UhRbaUT0cLVy4%2F77Og6l6aGFXpeZb4bdnQHXqmVV53fmVrx1AnxQAQjnpTULa6DTwt0J9y5r8XC7LtHO%2BxYYxofDIdrKV82j2mp8pOCC5Nk0yWmSp9N0kmdFjOsTAQXLASwNP1K%2FGY3tpZb%2BI7J7f%2BLwtsUjFYt%2BP930fVOont%2BozdNkkmYYwI5RKFgtS%2FSSxQmpKU1DURR5mCR1EhY8a0JSxM2WZ0lDiu0gBejEyoDnxpcoJvE0JGlIyT2hLKYspc8oeBQOxmpxRFDQa2WAHYNK1DnDLAcJzHAtgPma3VWXazYIGf9a1Lml%2FdvTOuttbRWaz45qNrZz83%2BtdYbPrbPTCa%2BGqNXy2ipZfwSVUvawcIJ7USLvuuECF9Zp7n8vRyM6TmQTbkcpE5pLVTWNEwAIz0%2BpP39l%2Fgk%3D:0
[   76474ms] [LOG] Running frontend commit c5453b525b02ca89a727ce2aa2f77811fe552c13 @ https://www.figma.com/file/SqBTR133kmr7PBzDqhvKEW?node-id=2-2:559
[   77225ms] [WARNING] [origin_to_bootstrap] You appear to be logging a relative timestamp and not an epoch timestamp. Use relativeToEpochMs() to convert. @ https://www.figma.com/webpack-artifacts/assets/vendor-core-40403d22a8a976f2.min.js.br:53
[   77226ms] [WARNING] [origin_to_preloads_start] You appear to be logging a relative timestamp and not an epoch timestamp. Use relativeToEpochMs() to convert. @ https://www.figma.com/webpack-artifacts/assets/vendor-core-40403d22a8a976f2.min.js.br:53
[   77226ms] [WARNING] [origin_to_early_js_load_start] You appear to be logging a relative timestamp and not an epoch timestamp. Use relativeToEpochMs() to convert. @ https://www.figma.com/webpack-artifacts/assets/vendor-core-40403d22a8a976f2.min.js.br:53
[   77226ms] [WARNING] [origin_to_early_js_execution_start] You appear to be logging a relative timestamp and not an epoch timestamp. Use relativeToEpochMs() to convert. @ https://www.figma.com/webpack-artifacts/assets/vendor-core-40403d22a8a976f2.min.js.br:53
[   77226ms] [WARNING] [origin_to_early_js_execution_end] You appear to be logging a relative timestamp and not an epoch timestamp. Use relativeToEpochMs() to convert. @ https://www.figma.com/webpack-artifacts/assets/vendor-core-40403d22a8a976f2.min.js.br:53
[   77302ms] [WARNING] Statsig is not ready to log exposures, will retry in 1 seconds @ https://www.figma.com/webpack-artifacts/assets/vendor-core-40403d22a8a976f2.min.js.br:53
[   77303ms] [WARNING] [livegraph.web.origin_to_ws_start] You appear to be logging a relative timestamp and not an epoch timestamp. Use relativeToEpochMs() to convert. @ https://www.figma.com/webpack-artifacts/assets/vendor-core-40403d22a8a976f2.min.js.br:53
[   77303ms] [WARNING] [multiplayer.web.origin_to_ws_start] You appear to be logging a relative timestamp and not an epoch timestamp. Use relativeToEpochMs() to convert. @ https://www.figma.com/webpack-artifacts/assets/vendor-core-40403d22a8a976f2.min.js.br:53
[   77337ms] [LOG] Loaded 144 scripts (10289327b), 58 from cache (1772915b) @ https://www.figma.com/webpack-artifacts/assets/vendor-core-40403d22a8a976f2.min.js.br:53
[   77410ms] [WARNING] [livegraph.web.origin_to_ws_connect] You appear to be logging a relative timestamp and not an epoch timestamp. Use relativeToEpochMs() to convert. @ https://www.figma.com/webpack-artifacts/assets/vendor-core-40403d22a8a976f2.min.js.br:53
[   77410ms] [WARNING] [multiplayer.web.origin_to_ws_connect] You appear to be logging a relative timestamp and not an epoch timestamp. Use relativeToEpochMs() to convert. @ https://www.figma.com/webpack-artifacts/assets/vendor-core-40403d22a8a976f2.min.js.br:53
[   77449ms] [WARNING] [livegraph.web.origin_to_ws_first_byte] You appear to be logging a relative timestamp and not an epoch timestamp. Use relativeToEpochMs() to convert. @ https://www.figma.com/webpack-artifacts/assets/vendor-core-40403d22a8a976f2.min.js.br:53
[   77642ms] [WARNING] [multiplayer.web.origin_to_ws_first_byte] You appear to be logging a relative timestamp and not an epoch timestamp. Use relativeToEpochMs() to convert. @ https://www.figma.com/webpack-artifacts/assets/vendor-core-40403d22a8a976f2.min.js.br:53
[   77658ms] [LOG] [import] git: c5453b525b02ca89a727ce2aa2f77811fe552c13, stamp: A3772D60E41CB78E @ https://www.figma.com/webpack-artifacts/assets/vendor-core-40403d22a8a976f2.min.js.br:53
[   77681ms] [INFO] Autosave Changes not available or already claimed by another tab undefined @ https://www.figma.com/webpack-artifacts/assets/vendor-core-40403d22a8a976f2.min.js.br:53
[   78777ms] [INFO] [Fullscreen] Booting... (emscripten version 4.0.21) @ https://www.figma.com/webpack-artifacts/assets/vendor-core-40403d22a8a976f2.min.js.br:53
[   78824ms] [INFO] [GPU] graphicsAPI:"WebGPU", vendor:"Google Inc. (Apple)" renderer:"ANGLE (Apple, ANGLE Metal Renderer: Apple M4 Max, Unspecified Version)" deviceArchitecture:"metal-3" deviceDescription:"" webGPUDevice:"" webGPUVendor:"apple" bindings:"emdawnwebgpu" @ https://www.figma.com/webpack-artifacts/assets/vendor-core-40403d22a8a976f2.min.js.br:53
[   78825ms] [LOG] [Fullscreen] Ready in 732.2ms @ https://www.figma.com/webpack-artifacts/assets/vendor-core-40403d22a8a976f2.min.js.br:53
[   78908ms] [INFO] [FullscreenApp] calling setEditorTheme and setting preference light @ https://www.figma.com/webpack-artifacts/assets/vendor-core-40403d22a8a976f2.min.js.br:53
[   78925ms] [INFO] [MultiplayerSession] connecting to wss://www.figma.com/api/multiplayer/SqBTR133kmr7PBzDqhvKEW?role=editor&tracking_session_id=rSaPymLHHtItPtH7&version=152&recentReload=0&file-load-streaming-compression&scenegraph-queries-initial-nodes=2:2&user-id=854798331727138801&client_release=c5453b525b02ca89a727ce2aa2f77811fe552c13 @ https://www.figma.com/webpack-artifacts/assets/vendor-core-40403d22a8a976f2.min.js.br:53
[   78932ms] [INFO] [MultiplayerSession] Joining file version 106 (initial load) @ https://www.figma.com/webpack-artifacts/assets/vendor-core-40403d22a8a976f2.min.js.br:53
[   79606ms] [WARNING] Canvas2D: Multiple readback operations using getImageData are faster with the willReadFrequently attribute set to true. See: https://html.spec.whatwg.org/multipage/canvas.html#concept-canvas-will-read-frequently @ https://static.figma.com/fullscreen/90a227a8bad544c4cda9a48b7627cb6bed4866c5/fullscreen-harfbuzz-12-3-0/compiled_wasm.js.br:1
[   79623ms] [WARNING] Canvas2D: Multiple readback operations using getImageData are faster with the willReadFrequently attribute set to true. See: https://html.spec.whatwg.org/multipage/canvas.html#concept-canvas-will-read-frequently @ https://static.figma.com/fullscreen/90a227a8bad544c4cda9a48b7627cb6bed4866c5/fullscreen-harfbuzz-12-3-0/compiled_wasm.js.br:1
[   79632ms] [INFO] afterJoinEnd PageSyncing: Loaded incrementally {loaded_pages: 0:1} @ https://www.figma.com/webpack-artifacts/assets/vendor-core-40403d22a8a976f2.min.js.br:53
[   79636ms] [INFO] [FullscreenApp] calling setEditorTheme and setting preference light @ https://www.figma.com/webpack-artifacts/assets/vendor-core-40403d22a8a976f2.min.js.br:53
[   80031ms] [WARNING] [fullscreen.load_time] You appear to be logging a relative timestamp and not an epoch timestamp. Use relativeToEpochMs() to convert. @ https://www.figma.com/webpack-artifacts/assets/vendor-core-40403d22a8a976f2.min.js.br:53
[   80031ms] [WARNING] [fullscreen.react_rendered] You appear to be logging a relative timestamp and not an epoch timestamp. Use relativeToEpochMs() to convert. @ https://www.figma.com/webpack-artifacts/assets/vendor-core-40403d22a8a976f2.min.js.br:53
[   80031ms] [WARNING] [fullscreen.time_to_ready] You appear to be logging a relative timestamp and not an epoch timestamp. Use relativeToEpochMs() to convert. @ https://www.figma.com/webpack-artifacts/assets/vendor-core-40403d22a8a976f2.min.js.br:53
[   80031ms] [WARNING] [fullscreen.open_file_action_start] You appear to be logging a relative timestamp and not an epoch timestamp. Use relativeToEpochMs() to convert. @ https://www.figma.com/webpack-artifacts/assets/vendor-core-40403d22a8a976f2.min.js.br:53
[   80032ms] [LOG] [Fullscreen] loadtime=8.12s maxmem=13197200 @ https://www.figma.com/webpack-artifacts/assets/vendor-core-40403d22a8a976f2.min.js.br:53
[   80361ms] [INFO] [Sprigma] Sprig SDK is ready @ https://www.figma.com/webpack-artifacts/assets/vendor-core-40403d22a8a976f2.min.js.br:53
[   86299ms] [ERROR] Access to XMLHttpRequest at 'http://127.0.0.1:44950/figma/version' from origin 'https://www.figma.com' has been blocked by CORS policy: Permission was denied for this request to access the `loopback` address space. @ https://www.figma.com/design/SqBTR133kmr7PBzDqhvKEW/Method-Agency-%E2%80%94-Web-Capture?node-id=2-2&t=VnZNZ1G1XhQcLWV9-0:0
[   86299ms] [ERROR] Failed to load resource: net::ERR_FAILED @ http://127.0.0.1:44950/figma/version:0
