[    3727ms] [LOG] Running frontend commit c5453b525b02ca89a727ce2aa2f77811fe552c13 @ https://www.figma.com/design/dGVRmq1pwm9BOIDoMiQ6mm/sony-uxhi-web?node-id=735-4190&t=ITd4Qb5o9atCYMlm-1:559
[    4481ms] [WARNING] [origin_to_bootstrap] You appear to be logging a relative timestamp and not an epoch timestamp. Use relativeToEpochMs() to convert. @ https://www.figma.com/webpack-artifacts/assets/vendor-core-40403d22a8a976f2.min.js.br:53
[    4482ms] [WARNING] [origin_to_preloads_start] You appear to be logging a relative timestamp and not an epoch timestamp. Use relativeToEpochMs() to convert. @ https://www.figma.com/webpack-artifacts/assets/vendor-core-40403d22a8a976f2.min.js.br:53
[    4482ms] [WARNING] [origin_to_early_js_load_start] You appear to be logging a relative timestamp and not an epoch timestamp. Use relativeToEpochMs() to convert. @ https://www.figma.com/webpack-artifacts/assets/vendor-core-40403d22a8a976f2.min.js.br:53
[    4482ms] [WARNING] [origin_to_early_js_execution_start] You appear to be logging a relative timestamp and not an epoch timestamp. Use relativeToEpochMs() to convert. @ https://www.figma.com/webpack-artifacts/assets/vendor-core-40403d22a8a976f2.min.js.br:53
[    4483ms] [WARNING] [origin_to_early_js_execution_end] You appear to be logging a relative timestamp and not an epoch timestamp. Use relativeToEpochMs() to convert. @ https://www.figma.com/webpack-artifacts/assets/vendor-core-40403d22a8a976f2.min.js.br:53
[    4799ms] [WARNING] Statsig is not ready to log exposures, will retry in 1 seconds @ https://www.figma.com/webpack-artifacts/assets/vendor-core-40403d22a8a976f2.min.js.br:53
[    4800ms] [WARNING] [livegraph.web.origin_to_ws_start] You appear to be logging a relative timestamp and not an epoch timestamp. Use relativeToEpochMs() to convert. @ https://www.figma.com/webpack-artifacts/assets/vendor-core-40403d22a8a976f2.min.js.br:53
[    4800ms] [WARNING] [multiplayer.web.origin_to_ws_start] You appear to be logging a relative timestamp and not an epoch timestamp. Use relativeToEpochMs() to convert. @ https://www.figma.com/webpack-artifacts/assets/vendor-core-40403d22a8a976f2.min.js.br:53
[    4919ms] [WARNING] [livegraph.web.origin_to_ws_connect] You appear to be logging a relative timestamp and not an epoch timestamp. Use relativeToEpochMs() to convert. @ https://www.figma.com/webpack-artifacts/assets/vendor-core-40403d22a8a976f2.min.js.br:53
[    4919ms] [WARNING] [multiplayer.web.origin_to_ws_connect] You appear to be logging a relative timestamp and not an epoch timestamp. Use relativeToEpochMs() to convert. @ https://www.figma.com/webpack-artifacts/assets/vendor-core-40403d22a8a976f2.min.js.br:53
[    4965ms] [WARNING] [livegraph.web.origin_to_ws_first_byte] You appear to be logging a relative timestamp and not an epoch timestamp. Use relativeToEpochMs() to convert. @ https://www.figma.com/webpack-artifacts/assets/vendor-core-40403d22a8a976f2.min.js.br:53
[    4967ms] [LOG] [import] git: c5453b525b02ca89a727ce2aa2f77811fe552c13, stamp: A3772D60E41CB78E @ https://www.figma.com/webpack-artifacts/assets/vendor-core-40403d22a8a976f2.min.js.br:53
[    4969ms] [LOG] Loaded 156 scripts (10692303b), 156 from cache (10692303b) @ https://www.figma.com/webpack-artifacts/assets/vendor-core-40403d22a8a976f2.min.js.br:53
[    5117ms] [WARNING] [multiplayer.web.origin_to_ws_first_byte] You appear to be logging a relative timestamp and not an epoch timestamp. Use relativeToEpochMs() to convert. @ https://www.figma.com/webpack-artifacts/assets/vendor-core-40403d22a8a976f2.min.js.br:53
[    5166ms] [INFO] Autosave Changes not available or already claimed by another tab undefined @ https://www.figma.com/webpack-artifacts/assets/vendor-core-40403d22a8a976f2.min.js.br:53
[    5396ms] [INFO] [Fullscreen] Booting... (emscripten version 4.0.21) @ https://www.figma.com/webpack-artifacts/assets/vendor-core-40403d22a8a976f2.min.js.br:53
[    5417ms] [INFO] [GPU] graphicsAPI:"WebGPU", vendor:"Google Inc. (Apple)" renderer:"ANGLE (Apple, ANGLE Metal Renderer: Apple M4 Max, Unspecified Version)" deviceArchitecture:"metal-3" deviceDescription:"" webGPUDevice:"" webGPUVendor:"apple" bindings:"emdawnwebgpu" @ https://www.figma.com/webpack-artifacts/assets/vendor-core-40403d22a8a976f2.min.js.br:53
[    5418ms] [LOG] [Fullscreen] Ready in 454.2ms @ https://www.figma.com/webpack-artifacts/assets/vendor-core-40403d22a8a976f2.min.js.br:53
[    5491ms] [INFO] [FullscreenApp] calling setEditorTheme and setting preference light @ https://www.figma.com/webpack-artifacts/assets/vendor-core-40403d22a8a976f2.min.js.br:53
[    5498ms] [INFO] [MultiplayerSession] connecting to wss://www.figma.com/api/multiplayer/dGVRmq1pwm9BOIDoMiQ6mm?role=editor&tracking_session_id=cEXF4edmok6Wpx3j&version=152&recentReload=0&file-load-streaming-compression&scenegraph-queries-initial-nodes=735:4190&user-id=854798331727138801&client_release=c5453b525b02ca89a727ce2aa2f77811fe552c13 @ https://www.figma.com/webpack-artifacts/assets/vendor-core-40403d22a8a976f2.min.js.br:53
[    5501ms] [INFO] [FullscreenApp] calling setEditorTheme and setting preference light @ https://www.figma.com/webpack-artifacts/assets/vendor-core-40403d22a8a976f2.min.js.br:53
[    5720ms] [INFO] [MultiplayerSession] Joining file version 106 (initial load) @ https://www.figma.com/webpack-artifacts/assets/vendor-core-40403d22a8a976f2.min.js.br:53
[    5859ms] [LOG] Migration succeeded: context: fullscreen_migrate_SceneGraphManager, version: 106, duration: 0ms. @ https://www.figma.com/webpack-artifacts/assets/vendor-core-40403d22a8a976f2.min.js.br:53
[    6103ms] [WARNING] Canvas2D: Multiple readback operations using getImageData are faster with the willReadFrequently attribute set to true. See: https://html.spec.whatwg.org/multipage/canvas.html#concept-canvas-will-read-frequently @ https://static.figma.com/fullscreen/90a227a8bad544c4cda9a48b7627cb6bed4866c5/fullscreen-harfbuzz-12-3-0/compiled_wasm.js.br:1
[    6115ms] [WARNING] Canvas2D: Multiple readback operations using getImageData are faster with the willReadFrequently attribute set to true. See: https://html.spec.whatwg.org/multipage/canvas.html#concept-canvas-will-read-frequently @ https://static.figma.com/fullscreen/90a227a8bad544c4cda9a48b7627cb6bed4866c5/fullscreen-harfbuzz-12-3-0/compiled_wasm.js.br:1
[    6125ms] [INFO] afterJoinEnd PageSyncing: Loaded incrementally {loaded_pages: 708:3} @ https://www.figma.com/webpack-artifacts/assets/vendor-core-40403d22a8a976f2.min.js.br:53
[    6804ms] [WARNING] [fullscreen.load_time] You appear to be logging a relative timestamp and not an epoch timestamp. Use relativeToEpochMs() to convert. @ https://www.figma.com/webpack-artifacts/assets/vendor-core-40403d22a8a976f2.min.js.br:53
[    6804ms] [WARNING] [fullscreen.react_rendered] You appear to be logging a relative timestamp and not an epoch timestamp. Use relativeToEpochMs() to convert. @ https://www.figma.com/webpack-artifacts/assets/vendor-core-40403d22a8a976f2.min.js.br:53
[    6804ms] [WARNING] [fullscreen.time_to_ready] You appear to be logging a relative timestamp and not an epoch timestamp. Use relativeToEpochMs() to convert. @ https://www.figma.com/webpack-artifacts/assets/vendor-core-40403d22a8a976f2.min.js.br:53
[    6805ms] [WARNING] [fullscreen.open_file_action_start] You appear to be logging a relative timestamp and not an epoch timestamp. Use relativeToEpochMs() to convert. @ https://www.figma.com/webpack-artifacts/assets/vendor-core-40403d22a8a976f2.min.js.br:53
[    6806ms] [LOG] [Fullscreen] loadtime=4.02s maxmem=21096876 @ https://www.figma.com/webpack-artifacts/assets/vendor-core-40403d22a8a976f2.min.js.br:53
[    6851ms] [INFO] [Sprigma] Sprig SDK is ready @ https://www.figma.com/webpack-artifacts/assets/vendor-core-40403d22a8a976f2.min.js.br:53
[   55382ms] [WARNING] Canvas2D: Multiple readback operations using getImageData are faster with the willReadFrequently attribute set to true. See: https://html.spec.whatwg.org/multipage/canvas.html#concept-canvas-will-read-frequently @ https://www.figma.com/webpack-artifacts/assets/figma_app__react_profile-232a802f7abf4800.min.js.br:425
[   55416ms] [WARNING] Canvas2D: Multiple readback operations using getImageData are faster with the willReadFrequently attribute set to true. See: https://html.spec.whatwg.org/multipage/canvas.html#concept-canvas-will-read-frequently @ https://www.figma.com/webpack-artifacts/assets/figma_app__react_profile-232a802f7abf4800.min.js.br:425
